\BOOKMARK [0][-]{chapter*.2}{\376\377\005\321\005\350\005\333\005\325\005\352\000\040\005\324\005\351\005\327\005\350}{}% 1
\BOOKMARK [1][-]{section*.3}{\376\377\005\347\005\350\005\321\005\340\005\325\005\352}{chapter*.2}% 2
\BOOKMARK [1][-]{section*.3}{\376\377\005\333\005\340\005\331\005\341\005\324\000\040\005\334\005\321\005\324\005\333\005\364\005\340}{chapter*.2}% 3
\BOOKMARK [0][-]{chapter*.4}{\376\377\005\344\005\341\005\325\005\347\005\331\000\040\005\323\005\326\005\336\005\350\005\320}{}% 4
\BOOKMARK [0][-]{chapter*.5}{\376\377\005\351\005\327\005\350\005\331\005\352\000\040\005\334\005\327\005\325\005\334}{}% 5
\BOOKMARK [1][-]{section*.6}{\376\377\005\352\005\344\005\331\005\334\005\352\000\040\005\324\005\342\005\336\005\331\005\323\005\324}{chapter*.5}% 6
\BOOKMARK [1][-]{table.0.1}{\376\377\005\320\005\321\005\331\005\340\005\325\000\040\005\336\005\334\005\333\005\340\005\325}{chapter*.5}% 7
\BOOKMARK [1][-]{table.0.2}{\376\377\005\352\005\327\005\340\005\325\005\337}{chapter*.5}% 8
\BOOKMARK [1][-]{table.0.2}{\376\377\005\341\005\323\005\350\000\040\005\347\005\350\005\331\005\320\005\352\000\040\005\324\005\352\005\325\005\350\005\324}{chapter*.5}% 9
\BOOKMARK [1][-]{table.0.2}{\376\377\005\341\005\331\005\325\005\335\000\040\005\324\005\352\005\344\005\331\005\334\005\324}{chapter*.5}% 10
\BOOKMARK [1][-]{table.0.2}{\376\377\005\351\005\331\005\350\000\040\005\351\005\334\000\040\005\331\005\325\005\335}{chapter*.5}% 11
\BOOKMARK [0][-]{chapter*.7}{\376\377\005\336\005\325\005\341\005\343\000\040\005\334\005\350\005\320\005\351\000\040\005\327\005\325\005\323\005\351}{}% 12
\BOOKMARK [0][-]{chapter*.8}{\376\377\005\352\005\344\005\331\005\334\005\325\005\352\000\040\005\340\005\325\005\341\005\344\005\325\005\352}{}% 13
\BOOKMARK [1][-]{section*.9}{\376\377\005\342\005\351\005\350\005\352\000\040\005\324\005\323\005\321\005\350\005\325\005\352}{chapter*.8}% 14
\BOOKMARK [1][-]{section*.9}{\376\377\005\324\005\342\005\347\005\323\005\324}{chapter*.8}% 15
\BOOKMARK [1][-]{section*.9}{\376\377\005\352\005\344\005\331\005\334\005\352\000\040\005\327\005\340\005\324}{chapter*.8}% 16
\BOOKMARK [1][-]{section*.9}{\376\377\005\344\005\350\005\351\005\352\000\040\005\324\005\336\005\337}{chapter*.8}% 17
\BOOKMARK [1][-]{section*.9}{\376\377\005\347\005\323\005\331\005\351\000\040\005\323\005\350\005\321\005\340\005\337}{chapter*.8}% 18
\BOOKMARK [1][-]{section*.9}{\376\377\005\341\005\331\005\325\005\335\000\040\005\324\005\341\005\344\005\350}{chapter*.8}% 19
\BOOKMARK [0][-]{chapter*.10}{\376\377\005\336\005\340\005\327\005\324\000\040\005\334\005\327\005\325\005\334}{}% 20
\BOOKMARK [0][-]{chapter*.11}{\376\377\005\342\005\350\005\325\005\321\005\331\005\337\000\040\005\325\005\324\005\323\005\334\005\347\005\352\000\040\005\340\005\350\005\325\005\352}{}% 21
\BOOKMARK [0][-]{chapter*.12}{\376\377\005\347\005\321\005\334\005\352\000\040\005\351\005\321\005\352}{}% 22
\BOOKMARK [1][-]{section*.13}{\376\377\005\334\005\333\005\324\000\040\005\323\005\325\005\323\005\331}{chapter*.12}% 23
\BOOKMARK [0][-]{chapter*.14}{\376\377\005\342\005\350\005\321\005\331\005\352\000\040\005\334\005\351\005\321\005\352\000\040\005\325\005\331\005\325\005\364\005\330}{}% 24
\BOOKMARK [1][-]{section*.15}{\376\377\005\352\005\344\005\331\005\334\005\352\000\040\005\324\005\342\005\336\005\331\005\323\005\324}{chapter*.14}% 25
\BOOKMARK [1][-]{section*.15}{\376\377\005\347\005\331\005\323\005\325\005\351\000\040\005\334\005\331\005\334\000\040\005\351\005\321\005\352}{chapter*.14}% 26
\BOOKMARK [1][-]{section*.15}{\376\377\005\347\005\331\005\323\005\325\005\351\000\040\005\334\005\331\005\334\000\040\005\351\005\321\005\352}{chapter*.14}% 27
\BOOKMARK [1][-]{section*.15}{\376\377\005\347\005\331\005\323\005\325\005\351\000\040\005\334\005\331\005\334\000\040\005\331\005\325\005\335\000\040\005\330\005\325\005\321}{chapter*.14}% 28
\BOOKMARK [0][-]{chapter*.16}{\376\377\005\351\005\327\005\350\005\331\005\352\000\040\005\334\005\351\005\321\005\352\000\040\005\325\005\331\005\325\005\364\005\330}{}% 29
\BOOKMARK [1][-]{section*.17}{\376\377\005\347\005\350\005\331\005\320\005\352\000\040\005\351\005\336\005\342\000\040\005\325\005\321\005\350\005\333\005\325\005\352\005\331\005\324}{chapter*.16}% 30
\BOOKMARK [1][-]{section*.17}{\376\377\005\352\005\344\005\331\005\334\005\352\000\040\005\324\005\342\005\336\005\331\005\323\005\324}{chapter*.16}% 31
\BOOKMARK [1][-]{table.0.3}{\376\377\005\340\005\330\005\331\005\334\005\352\000\040\005\324\005\334\005\325\005\334\005\321}{chapter*.16}% 32
\BOOKMARK [1][-]{table.0.3}{\376\377\005\324\005\334\005\334\040\016}{chapter*.16}% 33
\BOOKMARK [1][-]{table.0.3}{\376\377\005\351\005\331\005\350\000\040\005\351\005\334\000\040\005\331\005\325\005\335}{chapter*.16}% 34
\BOOKMARK [0][-]{chapter*.18}{\376\377\005\341\005\323\005\350\000\040\005\347\005\350\005\331\005\320\005\352\000\040\005\324\005\352\005\325\005\350\005\324}{}% 35
\BOOKMARK [1][-]{section*.19}{\376\377\005\320\005\347\005\323\005\336\005\325\005\352}{chapter*.18}% 36
\BOOKMARK [1][-]{section*.19}{\376\377\005\331\005\326\005\333\005\325\005\350}{chapter*.18}% 37
\BOOKMARK [0][-]{chapter*.20}{\376\377\005\336\005\325\005\341\005\343\000\040\005\334\005\351\005\321\005\352}{}% 38
\BOOKMARK [1][-]{table.0.4}{\376\377\005\351\005\331\005\350\000\040\005\324\005\333\005\321\005\325\005\323}{chapter*.20}% 39
\BOOKMARK [0][-]{chapter*.21}{\376\377\005\347\005\331\005\323\005\325\005\351\005\320\000\040\005\350\005\321\005\320\000\040\005\334\005\351\005\321\005\352}{}% 40
\BOOKMARK [0][-]{chapter*.22}{\376\377\005\320\005\351\005\350\005\331\000\040\005\325\005\347\005\323\005\325\005\351\005\320\000\040\005\323\005\341\005\323\005\350\005\320\000\040\005\334\005\327\005\325\005\324\005\364\005\336}{}% 41
\BOOKMARK [0][-]{chapter*.23}{\376\377\005\336\005\325\005\341\005\343\000\040\005\334\005\351\005\334\005\351\000\040\005\350\005\322\005\334\005\331\005\335}{}% 42
\BOOKMARK [1][-]{section*.24}{\376\377\005\352\005\344\005\331\005\334\005\352\000\040\005\330\005\334}{chapter*.23}% 43
\BOOKMARK [1][-]{section*.24}{\376\377\005\352\005\344\005\331\005\334\005\352\000\040\005\322\005\351\005\335}{chapter*.23}% 44
\BOOKMARK [1][-]{section*.24}{\376\377\005\321\005\350\005\333\005\352\000\040\005\333\005\324\005\340\005\331\005\335}{chapter*.23}% 45
\BOOKMARK [1][-]{section*.24}{\376\377\005\324\005\325\005\351\005\342\005\340\005\325\005\352}{chapter*.23}% 46
\BOOKMARK [0][-]{chapter*.25}{\376\377\005\347\005\331\005\323\005\325\005\351\005\320\000\040\005\350\005\321\005\320\000\040\005\334\005\331\005\325\005\364\005\330}{}% 47
\BOOKMARK [0][-]{chapter*.26}{\376\377\005\324\005\347\005\344\005\325\005\352\000\040\005\334\005\351\005\336\005\327\005\352\000\040\005\352\005\325\005\350\005\324}{}% 48
\BOOKMARK [0][-]{chapter*.27}{\376\377\005\336\005\340\005\327\005\324\000\040\005\334\005\351\005\321\005\352\000\040\005\325\005\331\005\325\005\364\005\330}{}% 49
\BOOKMARK [1][-]{section*.28}{\376\377\005\341\005\323\005\350\000\040\005\347\005\350\005\331\005\320\005\352\000\040\005\324\005\352\005\325\005\350\005\324}{chapter*.27}% 50
\BOOKMARK [1][-]{section*.28}{\376\377\005\352\005\344\005\331\005\334\005\352\000\040\005\324\005\342\005\336\005\331\005\323\005\324}{chapter*.27}% 51
\BOOKMARK [0][-]{chapter*.29}{\376\377\005\342\005\350\005\321\005\331\005\352\000\040\005\334\005\327\005\325\005\334}{}% 52
\BOOKMARK [1][-]{section*.30}{\376\377\005\352\005\344\005\331\005\334\005\352\000\040\005\324\005\342\005\336\005\331\005\323\005\324}{chapter*.29}% 53
\BOOKMARK [1][-]{section*.30}{\376\377\005\324\005\321\005\323\005\334\005\324}{chapter*.29}% 54
\BOOKMARK [1][-]{section*.30}{\376\377\005\344\005\341\005\325\005\347\005\331\005\335\000\040\005\334\005\336\005\325\005\346\005\364\005\351}{chapter*.29}% 55
\BOOKMARK [1][-]{section*.30}{\376\377\005\321\005\350\005\333\005\352\000\040\005\324\005\334\005\321\005\340\005\324}{chapter*.29}% 56
\BOOKMARK [1][-]{section*.30}{\376\377\005\341\005\344\005\331\005\350\005\352\000\040\005\324\005\342\005\336\005\350}{chapter*.29}% 57
\BOOKMARK [0][-]{chapter*.31}{\376\377\005\347\005\364\005\351\000\040\005\351\005\342\005\334\000\040\005\324\005\336\005\331\005\330\005\324}{}% 58
\BOOKMARK [0][-]{chapter*.32}{\376\377\005\321\005\323\005\331\005\347\005\352\000\040\005\325\005\321\005\331\005\330\005\325\005\334\000\040\005\327\005\336\005\345}{}% 59
\BOOKMARK [0][-]{chapter*.33}{\376\377\005\324\005\352\005\350\005\352\000\040\005\340\005\323\005\350\005\331\005\335}{}% 60
\BOOKMARK [0][-]{chapter*.34}{\376\377\005\325\005\331\005\323\005\325\005\331}{}% 61
\BOOKMARK [0][-]{chapter*.35}{\376\377\005\327\005\340\005\333\005\324}{}% 62
\BOOKMARK [0][-]{chapter*.36}{\376\377\005\344\005\325\005\350\005\331\005\335}{}% 63
\BOOKMARK [0][-]{chapter*.37}{\376\377\005\321\005\350\005\331\005\352\000\040\005\336\005\331\005\334\005\324}{}% 64
\BOOKMARK [1][-]{section*.38}{\376\377\005\326\005\331\005\336\005\325\005\337\000\040\005\334\005\321\005\350\005\331\005\352\000\040\005\336\005\331\005\334\005\324}{chapter*.37}% 65
\BOOKMARK [0][-]{chapter*.39}{\376\377\005\351\005\336\005\327\005\352\000\040\005\321\005\352}{}% 66
\BOOKMARK [0][-]{chapter*.40}{\376\377\005\344\005\323\005\331\005\325\005\337\000\040\005\324\005\321\005\337}{}% 67
\BOOKMARK [0][-]{chapter*.41}{\376\377\005\327\005\352\005\325\005\340\005\324}{}% 68
\BOOKMARK [1][-]{section*.42}{\376\377\005\351\005\321\005\342\000\040\005\321\005\350\005\333\005\325\005\352}{chapter*.41}% 69
\BOOKMARK [1][-]{section*.42}{\376\377\005\326\005\331\005\336\005\325\005\337\000\040\005\334\005\340\005\351\005\325\005\320\005\331\005\337}{chapter*.41}% 70
\BOOKMARK [0][-]{chapter*.43}{\376\377\005\321\005\350\005\333\005\352\000\040\005\324\005\336\005\326\005\325\005\337}{}% 71
\BOOKMARK [1][-]{table.0.8}{\376\377\005\321\005\350\005\333\005\352\000\040\005\324\005\336\005\326\005\325\005\337\000\040\005\321\005\321\005\331\005\352\000\040\005\320\005\321\005\334}{chapter*.43}% 72
\BOOKMARK [1][-]{table.0.8}{\376\377\005\321\005\350\005\333\005\324\000\040\005\336\005\342\005\331\005\337\000\040\005\351\005\334\005\351}{chapter*.43}% 73
\BOOKMARK [0][-]{chapter*.44}{\376\377\005\321\005\350\005\333\005\325\005\352}{}% 74
\BOOKMARK [1][-]{section*.45}{\376\377\005\352\005\344\005\334\005\352\000\040\005\324\005\323\005\350\005\332}{chapter*.44}% 75
\BOOKMARK [0][-]{chapter*.46}{\376\377\005\347\005\350\005\331\005\320\005\352\000\040\005\324\005\352\005\325\005\350\005\324}{}% 76
\BOOKMARK [1][-]{section*.47}{\376\377\005\344\005\350\005\351\005\331\005\325\005\352\000\040\005\334\005\336\005\340\005\327\005\324\000\040\005\321\005\351\005\321\005\352\000,\000\040\005\351\005\340\005\331\000,\000\040\005\325\005\327\005\336\005\331\005\351\005\331}{chapter*.46}% 77
\BOOKMARK [1][-]{section*.47}{\376\377\005\327\005\340\005\333\005\324}{chapter*.46}% 78
\BOOKMARK [1][-]{section*.47}{\376\377\005\344\005\325\005\350\005\331\005\335}{chapter*.46}% 79
\BOOKMARK [1][-]{section*.47}{\376\377\005\352\005\351\005\342\005\324\000\040\005\321\005\320\005\321}{chapter*.46}% 80
\BOOKMARK [1][-]{section*.47}{\376\377\005\352\005\342\005\340\005\331\005\352\000\040\005\346\005\331\005\321\005\325\005\350}{chapter*.46}% 81
\BOOKMARK [1][-]{section*.47}{\376\377\005\350\005\320\005\351\000\040\005\327\005\323\005\351}{chapter*.46}% 82
\BOOKMARK [1][-]{section*.47}{\376\377\005\327\005\324\040\034\005\336\000\040\005\344\005\341\005\327}{chapter*.46}% 83
