This is XeTeX, Version 3.14159265-2.6-0.999992 (MiKTeX 2.9.7400 64-bit) (preloaded format=xelatex 2020.5.8)  18 MAY 2020 08:26
entering extended mode
**./siddur.tex
(siddur.tex
LaTeX2e <2020-02-02> patch level 5
L3 programming layer <2020-04-06>
(C:\Users\207364\Documents\LaTeX\MiKTeX\tex/latex/base\book.cls
Document Class: book 2019/12/20 v1.4l Standard LaTeX document class
(C:\Users\207364\Documents\LaTeX\MiKTeX\tex/latex/base\bk11.clo
File: bk11.clo 2019/12/20 v1.4l Standard LaTeX file (size option)
)
\c@part=\count163
\c@chapter=\count164
\c@section=\count165
\c@subsection=\count166
\c@subsubsection=\count167
\c@paragraph=\count168
\c@subparagraph=\count169
\c@figure=\count170
\c@table=\count171
\abovecaptionskip=\skip47
\belowcaptionskip=\skip48
\bibindent=\dimen134
)
(C:\Users\207364\Documents\LaTeX\MiKTeX\tex/latex/geometry\geometry.sty
Package: geometry 2020/01/02 v5.9 Page Geometry

(C:\Users\207364\Documents\LaTeX\MiKTeX\tex/latex/graphics\keyval.sty
Package: keyval 2014/10/28 v1.15 key=value parser (DPC)
\KV@toks@=\toks15
)
(C:\Users\207364\Documents\LaTeX\MiKTeX\tex/generic/iftex\ifvtex.sty
Package: ifvtex 2019/10/25 v1.7 ifvtex legacy package. Use iftex instead.

(C:\Users\207364\Documents\LaTeX\MiKTeX\tex/generic/iftex\iftex.sty
Package: iftex 2020/03/06 v1.0d TeX engine tests
))
\Gm@cnth=\count172
\Gm@cntv=\count173
\c@Gm@tempcnt=\count174
\Gm@bindingoffset=\dimen135
\Gm@wd@mp=\dimen136
\Gm@odd@mp=\dimen137
\Gm@even@mp=\dimen138
\Gm@layoutwidth=\dimen139
\Gm@layoutheight=\dimen140
\Gm@layouthoffset=\dimen141
\Gm@layoutvoffset=\dimen142
\Gm@dimlist=\toks16

(C:\Users\207364\Documents\LaTeX\MiKTeX\tex/xelatex/xetexconfig\geometry.cfg))
(siddur.sty
Package: siddur 2019/12/121 v0.01 LaTeX package for siddur

(C:\Users\207364\Documents\LaTeX\MiKTeX\tex/latex/fancyhdr\fancyhdr.sty
Package: fancyhdr 2019/01/31 v3.10 Extensive control of page headers and footer
s
\f@nch@headwidth=\skip49
\f@nch@O@elh=\skip50
\f@nch@O@erh=\skip51
\f@nch@O@olh=\skip52
\f@nch@O@orh=\skip53
\f@nch@O@elf=\skip54
\f@nch@O@erf=\skip55
\f@nch@O@olf=\skip56
\f@nch@O@orf=\skip57
)
(C:\Users\207364\Documents\LaTeX\MiKTeX\tex/latex/tools\longtable.sty
Package: longtable 2020/01/07 v4.13 Multi-page Table package (DPC)
\LTleft=\skip58
\LTright=\skip59
\LTpre=\skip60
\LTpost=\skip61
\LTchunksize=\count175
\LTcapwidth=\dimen143
\LT@head=\box45
\LT@firsthead=\box46
\LT@foot=\box47
\LT@lastfoot=\box48
\LT@cols=\count176
\LT@rows=\count177
\c@LT@tables=\count178
\c@LT@chunks=\count179
\LT@p@ftn=\toks17
)
(C:\Users\207364\Documents\LaTeX\MiKTeX\tex/latex/paracol\paracol.sty
Package: paracol 2018/12/31 v1.35 
\pcol@currcol=\count180
\pcol@nextcol=\count181
\pcol@ncol=\count182
\pcol@ncolleft=\count183
\pcol@page=\count184
\pcol@basepage=\count185
\pcol@toppage=\count186
\pcol@footnotebase=\count187
\pcol@nfootnotes=\count188
\pcol@mcid=\count189
\pcol@prevdepth=\dimen144
\pcol@colht=\dimen145
\pcol@textfloatsep=\dimen146
\pcol@lrmargin=\dimen147
\pagerim=\dimen148
\pcol@topskip=\skip62
\belowfootnoteskip=\skip63
\pcol@topfnotes=\box49
\pcol@prespan=\box50
\pcol@rightpage=\box51
\pcol@colorstack@saved=\box52
\pcol@tempboxa=\box53
\pcol@tempboxb=\box54
\pcol@colorins=\insert199
\pcol@everyvbox=\toks18
)
(C:\Users\207364\Documents\LaTeX\MiKTeX\tex/latex/multirow\multirow.sty
Package: multirow 2019/05/31 v2.5 Span multiple rows of a table
\multirow@colwidth=\skip64
\multirow@cntb=\count190
\multirow@dima=\skip65
\bigstrutjot=\dimen149
)
(C:\Users\207364\Documents\LaTeX\MiKTeX\tex/latex/tools\multicol.sty
Package: multicol 2019/12/09 v1.8y multicolumn formatting (FMi)
\c@tracingmulticols=\count191
\mult@box=\box55
\multicol@leftmargin=\dimen150
\c@unbalance=\count192
\c@collectmore=\count193
\doublecol@number=\count194
\multicoltolerance=\count195
\multicolpretolerance=\count196
\full@width=\dimen151
\page@free=\dimen152
\premulticols=\dimen153
\postmulticols=\dimen154
\multicolsep=\skip66
\multicolbaselineskip=\skip67
\partial@page=\box56
\last@line=\box57
\maxbalancingoverflow=\dimen155
\mult@rightbox=\box58
\mult@grightbox=\box59
\mult@gfirstbox=\box60
\mult@firstbox=\box61
\@tempa=\box62
\@tempa=\box63
\@tempa=\box64
\@tempa=\box65
\@tempa=\box66
\@tempa=\box67
\@tempa=\box68
\@tempa=\box69
\@tempa=\box70
\@tempa=\box71
\@tempa=\box72
\@tempa=\box73
\@tempa=\box74
\@tempa=\box75
\@tempa=\box76
\@tempa=\box77
\@tempa=\box78
\@tempa=\box79
\@tempa=\box80
\@tempa=\box81
\@tempa=\box82
\@tempa=\box83
\@tempa=\box84
\@tempa=\box85
\@tempa=\box86
\@tempa=\box87
\@tempa=\box88
\@tempa=\box89
\@tempa=\box90
\@tempa=\box91
\@tempa=\box92
\@tempa=\box93
\@tempa=\box94
\@tempa=\box95
\@tempa=\box96
\@tempa=\box97
\@tempa=\box98
\c@minrows=\count197
\c@columnbadness=\count198
\c@finalcolumnbadness=\count266
\last@try=\dimen156
\multicolovershoot=\dimen157
\multicolundershoot=\dimen158
\mult@nat@firstbox=\box99
\colbreak@box=\box100
\mc@col@check@num=\count267
)
(C:\Users\207364\Documents\LaTeX\MiKTeX\tex/latex/xcolor\xcolor.sty
Package: xcolor 2016/05/11 v2.12 LaTeX color extensions (UK)

(C:\Users\207364\Documents\LaTeX\MiKTeX\tex/latex/graphics-cfg\color.cfg
File: color.cfg 2016/01/02 v1.6 sample color configuration
)
Package xcolor Info: Driver file: xetex.def on input line 225.

(C:\Users\207364\Documents\LaTeX\MiKTeX\tex/latex/graphics-def\xetex.def
File: xetex.def 2017/06/24 v5.0h Graphics/color driver for xetex
)
(C:\Users\207364\Documents\LaTeX\MiKTeX\tex/latex/colortbl\colortbl.sty
Package: colortbl 2020/01/04 v1.0e Color table columns (DPC)

(C:\Users\207364\Documents\LaTeX\MiKTeX\tex/latex/tools\array.sty
Package: array 2019/08/31 v2.4l Tabular extension package (FMi)
\col@sep=\dimen159
\ar@mcellbox=\box101
\extrarowheight=\dimen160
\NC@list=\toks19
\extratabsurround=\skip68
\backup@length=\skip69
\ar@cellbox=\box102
)
\everycr=\toks20
\minrowclearance=\skip70
)
\rownum=\count268
Package xcolor Info: Model `cmy' substituted by `cmy0' on input line 1348.
Package xcolor Info: Model `RGB' extended on input line 1364.
Package xcolor Info: Model `HTML' substituted by `rgb' on input line 1366.
Package xcolor Info: Model `Hsb' substituted by `hsb' on input line 1367.
Package xcolor Info: Model `tHsb' substituted by `hsb' on input line 1368.
Package xcolor Info: Model `HSB' substituted by `hsb' on input line 1369.
Package xcolor Info: Model `Gray' substituted by `gray' on input line 1370.
Package xcolor Info: Model `wave' substituted by `hsb' on input line 1371.
)
(C:\Users\207364\Documents\LaTeX\MiKTeX\tex/latex/pbox\pbox.sty
Package: pbox 2011/12/07 v1.2 Dynamic parboxes

(C:\Users\207364\Documents\LaTeX\MiKTeX\tex/latex/tools\calc.sty
Package: calc 2017/05/25 v4.3 Infix arithmetic (KKT,FJ)
\calc@Acount=\count269
\calc@Bcount=\count270
\calc@Adimen=\dimen161
\calc@Bdimen=\dimen162
\calc@Askip=\skip71
\calc@Bskip=\skip72
LaTeX Info: Redefining \setlength on input line 80.
LaTeX Info: Redefining \addtolength on input line 81.
\calc@Ccount=\count271
\calc@Cskip=\skip73
)
(C:\Users\207364\Documents\LaTeX\MiKTeX\tex/latex/base\ifthen.sty
Package: ifthen 2014/09/29 v1.1c Standard LaTeX ifthen package (DPC)
)
\pb@xlen=\skip74
)
(C:\Users\207364\Documents\LaTeX\MiKTeX\tex/latex/wrapfig\wrapfig.sty
\wrapoverhang=\dimen163
\WF@size=\dimen164
\c@WF@wrappedlines=\count272
\WF@box=\box103
\WF@everypar=\toks21
Package: wrapfig 2003/01/31  v 3.6
)
(C:\Users\207364\Documents\LaTeX\MiKTeX\tex/latex/graphics\graphicx.sty
Package: graphicx 2019/11/30 v1.2a Enhanced LaTeX Graphics (DPC,SPQR)

(C:\Users\207364\Documents\LaTeX\MiKTeX\tex/latex/graphics\graphics.sty
Package: graphics 2019/11/30 v1.4a Standard LaTeX Graphics (DPC,SPQR)

(C:\Users\207364\Documents\LaTeX\MiKTeX\tex/latex/graphics\trig.sty
Package: trig 2016/01/03 v1.10 sin cos tan (DPC)
)
(C:\Users\207364\Documents\LaTeX\MiKTeX\tex/latex/graphics-cfg\graphics.cfg
File: graphics.cfg 2016/06/04 v1.11 sample graphics configuration
)
Package graphics Info: Driver file: xetex.def on input line 105.
)
\Gin@req@height=\dimen165
\Gin@req@width=\dimen166
)
(C:\Users\207364\Documents\LaTeX\MiKTeX\tex/latex/tools\afterpage.sty
Package: afterpage 2014/10/28 v1.08 After-Page Package (DPC)
\AP@output=\toks22
\AP@partial=\box104
\AP@footins=\box105
)
(C:\Users\207364\Documents\LaTeX\MiKTeX\tex/latex/morefloats\morefloats.sty
Package: morefloats 2015/07/22 v1.0h Raise limit of unprocessed floats (HMM)

(C:\Users\207364\Documents\LaTeX\MiKTeX\tex/latex/kvoptions\kvoptions.sty
Package: kvoptions 2019/11/29 v3.13 Key value format for package options (HO)

(C:\Users\207364\Documents\LaTeX\MiKTeX\tex/generic/ltxcmds\ltxcmds.sty
Package: ltxcmds 2019/12/15 v1.24 LaTeX kernel commands for general use (HO)
)
(C:\Users\207364\Documents\LaTeX\MiKTeX\tex/generic/kvsetkeys\kvsetkeys.sty
Package: kvsetkeys 2019/12/15 v1.18 Key value parser (HO)
))
Package morefloats Info: Maximum number of possible floats asked for: 36
(morefloats)             (i.e. 18 more floats).
(morefloats)             LaTeX might run out of memory before this
(morefloats)             (in which case it will notify you).
)
(C:\Users\207364\Documents\LaTeX\MiKTeX\tex/latex/marginfix\marginfix.sty
Package: marginfix 2013/09/08 v1.1 Fix Margin Paragraphs
\Mfx@inject@insert=\insert252
\Mfx@marginbox=\box106
\Mfx@marginpos@min=\dimen167
\Mfx@marginpos@max=\dimen168
\Mfx@marginspace=\dimen169
\Mfx@marginheight=\dimen170
\Mfx@piece@content=\box107
\Mfx@piece@count=\count273
\Mfx@mparshift=\dimen171
\marginheightadjustment=\dimen172
\marginposadjustment=\dimen173
\Mfx@strutheight=\dimen174
)
(C:\Users\207364\Documents\LaTeX\MiKTeX\tex/xelatex/xunicode\xunicode.sty
File: xunicode.sty 2011/09/09 v0.981 provides access to latin accents and many 
other characters in Unicode lower plane

(C:\Users\207364\Documents\LaTeX\MiKTeX\tex/latex/tipa\t3enc.def
File: t3enc.def 2001/12/31 T3 encoding
)
\tipaTiiicode=\count274
\tipasavetokens=\toks23
\tipachecktokens=\toks24
)
(C:\Users\207364\Documents\LaTeX\MiKTeX\tex/latex/adforn\adforn.sty
Package: adforn 2019/10/13 v1.1b adforn CFR

(C:\Users\207364\Documents\LaTeX\MiKTeX\tex/latex/psnfss\pifont.sty
Package: pifont 2020/03/25 PSNFSS-v9.3 Pi font support (SPQR) 
LaTeX Font Info:    Trying to load font information for U+pzd on input line 63.


(C:\Users\207364\Documents\LaTeX\MiKTeX\tex/latex/psnfss\upzd.fd
File: upzd.fd 2001/06/04 font definitions for U/pzd.
)
LaTeX Font Info:    Trying to load font information for U+psy on input line 64.


(C:\Users\207364\Documents\LaTeX\MiKTeX\tex/latex/psnfss\upsy.fd
File: upsy.fd 2001/06/04 font definitions for U/psy.
))
LaTeX Font Info:    Trying to load font information for U+OrnementsADF on input
 line 4.

(C:\Users\207364\Documents\LaTeX\MiKTeX\tex/latex/adforn\uornementsadf.fd))
(C:\Users\207364\Documents\LaTeX\MiKTeX\tex/latex/pgf/frontendlayer\tikz.sty
(C:\Users\207364\Documents\LaTeX\MiKTeX\tex/latex/pgf/basiclayer\pgf.sty
(C:\Users\207364\Documents\LaTeX\MiKTeX\tex/latex/pgf/utilities\pgfrcs.sty
(C:\Users\207364\Documents\LaTeX\MiKTeX\tex/generic/pgf/utilities\pgfutil-commo
n.tex
\pgfutil@everybye=\toks25
\pgfutil@tempdima=\dimen175
\pgfutil@tempdimb=\dimen176

(C:\Users\207364\Documents\LaTeX\MiKTeX\tex/generic/pgf/utilities\pgfutil-commo
n-lists.tex))
(C:\Users\207364\Documents\LaTeX\MiKTeX\tex/generic/pgf/utilities\pgfutil-latex
.def
\pgfutil@abb=\box108
 (C:\Users\207364\Documents\LaTeX\MiKTeX\tex/latex/ms\everyshi.sty
Package: everyshi 2001/05/15 v3.00 EveryShipout Package (MS)
))
(C:\Users\207364\Documents\LaTeX\MiKTeX\tex/generic/pgf/utilities\pgfrcs.code.t
ex (C:\Users\207364\Documents\LaTeX\MiKTeX\tex/generic/pgf\pgf.revision.tex)
Package: pgfrcs 2020/01/08 v3.1.5b (3.1.5b)
))
Package: pgf 2020/01/08 v3.1.5b (3.1.5b)

(C:\Users\207364\Documents\LaTeX\MiKTeX\tex/latex/pgf/basiclayer\pgfcore.sty
(C:\Users\207364\Documents\LaTeX\MiKTeX\tex/latex/pgf/systemlayer\pgfsys.sty
(C:\Users\207364\Documents\LaTeX\MiKTeX\tex/generic/pgf/systemlayer\pgfsys.code
.tex
Package: pgfsys 2020/01/08 v3.1.5b (3.1.5b)

(C:\Users\207364\Documents\LaTeX\MiKTeX\tex/generic/pgf/utilities\pgfkeys.code.
tex
\pgfkeys@pathtoks=\toks26
\pgfkeys@temptoks=\toks27

(C:\Users\207364\Documents\LaTeX\MiKTeX\tex/generic/pgf/utilities\pgfkeysfilter
ed.code.tex
\pgfkeys@tmptoks=\toks28
))
\pgf@x=\dimen177
\pgf@y=\dimen178
\pgf@xa=\dimen179
\pgf@ya=\dimen180
\pgf@xb=\dimen181
\pgf@yb=\dimen182
\pgf@xc=\dimen183
\pgf@yc=\dimen184
\pgf@xd=\dimen185
\pgf@yd=\dimen186
\w@pgf@writea=\write3
\r@pgf@reada=\read2
\c@pgf@counta=\count275
\c@pgf@countb=\count276
\c@pgf@countc=\count277
\c@pgf@countd=\count278
\t@pgf@toka=\toks29
\t@pgf@tokb=\toks30
\t@pgf@tokc=\toks31
\pgf@sys@id@count=\count279

(C:\Users\207364\Documents\LaTeX\MiKTeX\tex/generic/pgf/systemlayer\pgf.cfg
File: pgf.cfg 2020/01/08 v3.1.5b (3.1.5b)
)
Driver file for pgf: pgfsys-xetex.def

(C:\Users\207364\Documents\LaTeX\MiKTeX\tex/generic/pgf/systemlayer\pgfsys-xete
x.def
File: pgfsys-xetex.def 2020/01/08 v3.1.5b (3.1.5b)

(C:\Users\207364\Documents\LaTeX\MiKTeX\tex/generic/pgf/systemlayer\pgfsys-dvip
dfmx.def
File: pgfsys-dvipdfmx.def 2020/01/08 v3.1.5b (3.1.5b)

(C:\Users\207364\Documents\LaTeX\MiKTeX\tex/generic/pgf/systemlayer\pgfsys-comm
on-pdf.def
File: pgfsys-common-pdf.def 2020/01/08 v3.1.5b (3.1.5b)
)
\pgfsys@objnum=\count280
)))
(C:\Users\207364\Documents\LaTeX\MiKTeX\tex/generic/pgf/systemlayer\pgfsyssoftp
ath.code.tex
File: pgfsyssoftpath.code.tex 2020/01/08 v3.1.5b (3.1.5b)
\pgfsyssoftpath@smallbuffer@items=\count281
\pgfsyssoftpath@bigbuffer@items=\count282
)
(C:\Users\207364\Documents\LaTeX\MiKTeX\tex/generic/pgf/systemlayer\pgfsysproto
col.code.tex
File: pgfsysprotocol.code.tex 2020/01/08 v3.1.5b (3.1.5b)
))
(C:\Users\207364\Documents\LaTeX\MiKTeX\tex/generic/pgf/basiclayer\pgfcore.code
.tex
Package: pgfcore 2020/01/08 v3.1.5b (3.1.5b)

(C:\Users\207364\Documents\LaTeX\MiKTeX\tex/generic/pgf/math\pgfmath.code.tex
(C:\Users\207364\Documents\LaTeX\MiKTeX\tex/generic/pgf/math\pgfmathcalc.code.t
ex
(C:\Users\207364\Documents\LaTeX\MiKTeX\tex/generic/pgf/math\pgfmathutil.code.t
ex)
(C:\Users\207364\Documents\LaTeX\MiKTeX\tex/generic/pgf/math\pgfmathparser.code
.tex
\pgfmath@dimen=\dimen187
\pgfmath@count=\count283
\pgfmath@box=\box109
\pgfmath@toks=\toks32
\pgfmath@stack@operand=\toks33
\pgfmath@stack@operation=\toks34
)
(C:\Users\207364\Documents\LaTeX\MiKTeX\tex/generic/pgf/math\pgfmathfunctions.c
ode.tex
(C:\Users\207364\Documents\LaTeX\MiKTeX\tex/generic/pgf/math\pgfmathfunctions.b
asic.code.tex)
(C:\Users\207364\Documents\LaTeX\MiKTeX\tex/generic/pgf/math\pgfmathfunctions.t
rigonometric.code.tex)
(C:\Users\207364\Documents\LaTeX\MiKTeX\tex/generic/pgf/math\pgfmathfunctions.r
andom.code.tex)
(C:\Users\207364\Documents\LaTeX\MiKTeX\tex/generic/pgf/math\pgfmathfunctions.c
omparison.code.tex)
(C:\Users\207364\Documents\LaTeX\MiKTeX\tex/generic/pgf/math\pgfmathfunctions.b
ase.code.tex)
(C:\Users\207364\Documents\LaTeX\MiKTeX\tex/generic/pgf/math\pgfmathfunctions.r
ound.code.tex)
(C:\Users\207364\Documents\LaTeX\MiKTeX\tex/generic/pgf/math\pgfmathfunctions.m
isc.code.tex)
(C:\Users\207364\Documents\LaTeX\MiKTeX\tex/generic/pgf/math\pgfmathfunctions.i
ntegerarithmetics.code.tex)))
(C:\Users\207364\Documents\LaTeX\MiKTeX\tex/generic/pgf/math\pgfmathfloat.code.
tex
\c@pgfmathroundto@lastzeros=\count284
))
(C:\Users\207364\Documents\LaTeX\MiKTeX\tex/generic/pgf/math\pgfint.code.tex)
(C:\Users\207364\Documents\LaTeX\MiKTeX\tex/generic/pgf/basiclayer\pgfcorepoint
s.code.tex
File: pgfcorepoints.code.tex 2020/01/08 v3.1.5b (3.1.5b)
\pgf@picminx=\dimen188
\pgf@picmaxx=\dimen189
\pgf@picminy=\dimen190
\pgf@picmaxy=\dimen191
\pgf@pathminx=\dimen192
\pgf@pathmaxx=\dimen193
\pgf@pathminy=\dimen194
\pgf@pathmaxy=\dimen195
\pgf@xx=\dimen196
\pgf@xy=\dimen197
\pgf@yx=\dimen198
\pgf@yy=\dimen256
\pgf@zx=\dimen257
\pgf@zy=\dimen258
)
(C:\Users\207364\Documents\LaTeX\MiKTeX\tex/generic/pgf/basiclayer\pgfcorepathc
onstruct.code.tex
File: pgfcorepathconstruct.code.tex 2020/01/08 v3.1.5b (3.1.5b)
\pgf@path@lastx=\dimen259
\pgf@path@lasty=\dimen260
)
(C:\Users\207364\Documents\LaTeX\MiKTeX\tex/generic/pgf/basiclayer\pgfcorepathu
sage.code.tex
File: pgfcorepathusage.code.tex 2020/01/08 v3.1.5b (3.1.5b)
\pgf@shorten@end@additional=\dimen261
\pgf@shorten@start@additional=\dimen262
)
(C:\Users\207364\Documents\LaTeX\MiKTeX\tex/generic/pgf/basiclayer\pgfcorescope
s.code.tex
File: pgfcorescopes.code.tex 2020/01/08 v3.1.5b (3.1.5b)
\pgfpic=\box110
\pgf@hbox=\box111
\pgf@layerbox@main=\box112
\pgf@picture@serial@count=\count285
)
(C:\Users\207364\Documents\LaTeX\MiKTeX\tex/generic/pgf/basiclayer\pgfcoregraph
icstate.code.tex
File: pgfcoregraphicstate.code.tex 2020/01/08 v3.1.5b (3.1.5b)
\pgflinewidth=\dimen263
)
(C:\Users\207364\Documents\LaTeX\MiKTeX\tex/generic/pgf/basiclayer\pgfcoretrans
formations.code.tex
File: pgfcoretransformations.code.tex 2020/01/08 v3.1.5b (3.1.5b)
\pgf@pt@x=\dimen264
\pgf@pt@y=\dimen265
\pgf@pt@temp=\dimen266
)
(C:\Users\207364\Documents\LaTeX\MiKTeX\tex/generic/pgf/basiclayer\pgfcorequick
.code.tex
File: pgfcorequick.code.tex 2020/01/08 v3.1.5b (3.1.5b)
)
(C:\Users\207364\Documents\LaTeX\MiKTeX\tex/generic/pgf/basiclayer\pgfcoreobjec
ts.code.tex
File: pgfcoreobjects.code.tex 2020/01/08 v3.1.5b (3.1.5b)
)
(C:\Users\207364\Documents\LaTeX\MiKTeX\tex/generic/pgf/basiclayer\pgfcorepathp
rocessing.code.tex
File: pgfcorepathprocessing.code.tex 2020/01/08 v3.1.5b (3.1.5b)
)
(C:\Users\207364\Documents\LaTeX\MiKTeX\tex/generic/pgf/basiclayer\pgfcorearrow
s.code.tex
File: pgfcorearrows.code.tex 2020/01/08 v3.1.5b (3.1.5b)
\pgfarrowsep=\dimen267
)
(C:\Users\207364\Documents\LaTeX\MiKTeX\tex/generic/pgf/basiclayer\pgfcoreshade
.code.tex
File: pgfcoreshade.code.tex 2020/01/08 v3.1.5b (3.1.5b)
\pgf@max=\dimen268
\pgf@sys@shading@range@num=\count286
\pgf@shadingcount=\count287
)
(C:\Users\207364\Documents\LaTeX\MiKTeX\tex/generic/pgf/basiclayer\pgfcoreimage
.code.tex
File: pgfcoreimage.code.tex 2020/01/08 v3.1.5b (3.1.5b)

(C:\Users\207364\Documents\LaTeX\MiKTeX\tex/generic/pgf/basiclayer\pgfcoreexter
nal.code.tex
File: pgfcoreexternal.code.tex 2020/01/08 v3.1.5b (3.1.5b)
\pgfexternal@startupbox=\box113
))
(C:\Users\207364\Documents\LaTeX\MiKTeX\tex/generic/pgf/basiclayer\pgfcorelayer
s.code.tex
File: pgfcorelayers.code.tex 2020/01/08 v3.1.5b (3.1.5b)
)
(C:\Users\207364\Documents\LaTeX\MiKTeX\tex/generic/pgf/basiclayer\pgfcoretrans
parency.code.tex
File: pgfcoretransparency.code.tex 2020/01/08 v3.1.5b (3.1.5b)
)
(C:\Users\207364\Documents\LaTeX\MiKTeX\tex/generic/pgf/basiclayer\pgfcorepatte
rns.code.tex
File: pgfcorepatterns.code.tex 2020/01/08 v3.1.5b (3.1.5b)
)
(C:\Users\207364\Documents\LaTeX\MiKTeX\tex/generic/pgf/basiclayer\pgfcorerdf.c
ode.tex
File: pgfcorerdf.code.tex 2020/01/08 v3.1.5b (3.1.5b)
)))
(C:\Users\207364\Documents\LaTeX\MiKTeX\tex/generic/pgf/modules\pgfmoduleshapes
.code.tex
File: pgfmoduleshapes.code.tex 2020/01/08 v3.1.5b (3.1.5b)
\pgfnodeparttextbox=\box114
)
(C:\Users\207364\Documents\LaTeX\MiKTeX\tex/generic/pgf/modules\pgfmoduleplot.c
ode.tex
File: pgfmoduleplot.code.tex 2020/01/08 v3.1.5b (3.1.5b)
)
(C:\Users\207364\Documents\LaTeX\MiKTeX\tex/latex/pgf/compatibility\pgfcomp-ver
sion-0-65.sty
Package: pgfcomp-version-0-65 2020/01/08 v3.1.5b (3.1.5b)
\pgf@nodesepstart=\dimen269
\pgf@nodesepend=\dimen270
)
(C:\Users\207364\Documents\LaTeX\MiKTeX\tex/latex/pgf/compatibility\pgfcomp-ver
sion-1-18.sty
Package: pgfcomp-version-1-18 2020/01/08 v3.1.5b (3.1.5b)
))
(C:\Users\207364\Documents\LaTeX\MiKTeX\tex/latex/pgf/utilities\pgffor.sty
(C:\Users\207364\Documents\LaTeX\MiKTeX\tex/latex/pgf/utilities\pgfkeys.sty
(C:\Users\207364\Documents\LaTeX\MiKTeX\tex/generic/pgf/utilities\pgfkeys.code.
tex)) (C:\Users\207364\Documents\LaTeX\MiKTeX\tex/latex/pgf/math\pgfmath.sty
(C:\Users\207364\Documents\LaTeX\MiKTeX\tex/generic/pgf/math\pgfmath.code.tex))

(C:\Users\207364\Documents\LaTeX\MiKTeX\tex/generic/pgf/utilities\pgffor.code.t
ex
Package: pgffor 2020/01/08 v3.1.5b (3.1.5b)

(C:\Users\207364\Documents\LaTeX\MiKTeX\tex/generic/pgf/math\pgfmath.code.tex)
\pgffor@iter=\dimen271
\pgffor@skip=\dimen272
\pgffor@stack=\toks35
\pgffor@toks=\toks36
))
(C:\Users\207364\Documents\LaTeX\MiKTeX\tex/generic/pgf/frontendlayer/tikz\tikz
.code.tex
Package: tikz 2020/01/08 v3.1.5b (3.1.5b)

(C:\Users\207364\Documents\LaTeX\MiKTeX\tex/generic/pgf/libraries\pgflibraryplo
thandlers.code.tex
File: pgflibraryplothandlers.code.tex 2020/01/08 v3.1.5b (3.1.5b)
\pgf@plot@mark@count=\count288
\pgfplotmarksize=\dimen273
)
\tikz@lastx=\dimen274
\tikz@lasty=\dimen275
\tikz@lastxsaved=\dimen276
\tikz@lastysaved=\dimen277
\tikz@lastmovetox=\dimen278
\tikz@lastmovetoy=\dimen279
\tikzleveldistance=\dimen280
\tikzsiblingdistance=\dimen281
\tikz@figbox=\box115
\tikz@figbox@bg=\box116
\tikz@tempbox=\box117
\tikz@tempbox@bg=\box118
\tikztreelevel=\count289
\tikznumberofchildren=\count290
\tikznumberofcurrentchild=\count291
\tikz@fig@count=\count292

(C:\Users\207364\Documents\LaTeX\MiKTeX\tex/generic/pgf/modules\pgfmodulematrix
.code.tex
File: pgfmodulematrix.code.tex 2020/01/08 v3.1.5b (3.1.5b)
\pgfmatrixcurrentrow=\count293
\pgfmatrixcurrentcolumn=\count294
\pgf@matrix@numberofcolumns=\count295
)
\tikz@expandcount=\count296

(C:\Users\207364\Documents\LaTeX\MiKTeX\tex/generic/pgf/frontendlayer/tikz/libr
aries\tikzlibrarytopaths.code.tex
File: tikzlibrarytopaths.code.tex 2020/01/08 v3.1.5b (3.1.5b)
)))
(C:\Users\207364\Documents\LaTeX\MiKTeX\tex/generic/pgf/frontendlayer/tikz/libr
aries\tikzlibrarydecorations.text.code.tex
(C:\Users\207364\Documents\LaTeX\MiKTeX\tex/generic/pgf/frontendlayer/tikz/libr
aries\tikzlibrarydecorations.code.tex
(C:\Users\207364\Documents\LaTeX\MiKTeX\tex/generic/pgf/modules\pgfmoduledecora
tions.code.tex
\pgfdecoratedcompleteddistance=\dimen282
\pgfdecoratedremainingdistance=\dimen283
\pgfdecoratedinputsegmentcompleteddistance=\dimen284
\pgfdecoratedinputsegmentremainingdistance=\dimen285
\pgf@decorate@distancetomove=\dimen286
\pgf@decorate@repeatstate=\count297
\pgfdecorationsegmentamplitude=\dimen287
\pgfdecorationsegmentlength=\dimen288
)
\tikz@lib@dec@box=\box119
)
(C:\Users\207364\Documents\LaTeX\MiKTeX\tex/generic/pgf/libraries/decorations\p
gflibrarydecorations.text.code.tex
\pgf@lib@dec@text@box=\box120
)
\tikz@lib@dec@te@box=\box121
)
(C:\Users\207364\Documents\LaTeX\MiKTeX\tex/latex/ragged2e\ragged2e.sty
Package: ragged2e 2019/07/28 v2.2 ragged2e Package (MS)

(C:\Users\207364\Documents\LaTeX\MiKTeX\tex/latex/ms\everysel.sty
Package: everysel 2011/10/28 v1.2 EverySelectfont Package (MS)
)
\CenteringLeftskip=\skip75
\RaggedLeftLeftskip=\skip76
\RaggedRightLeftskip=\skip77
\CenteringRightskip=\skip78
\RaggedLeftRightskip=\skip79
\RaggedRightRightskip=\skip80
\CenteringParfillskip=\skip81
\RaggedLeftParfillskip=\skip82
\RaggedRightParfillskip=\skip83
\JustifyingParfillskip=\skip84
\CenteringParindent=\skip85
\RaggedLeftParindent=\skip86
\RaggedRightParindent=\skip87
\JustifyingParindent=\skip88
)
(C:\Users\207364\Documents\LaTeX\MiKTeX\tex/latex/libertine\libertine.sty
Package: libertine 2020/03/26 (Bob Tennent) Supports Libertine and Biolinum fon
ts for all LaTeX engines.

(C:\Users\207364\Documents\LaTeX\MiKTeX\tex/generic/iftex\ifxetex.sty
Package: ifxetex 2019/10/25 v0.7 ifxetex legacy package. Use iftex instead.
)
(C:\Users\207364\Documents\LaTeX\MiKTeX\tex/generic/iftex\ifluatex.sty
Package: ifluatex 2019/10/25 v1.5 ifluatex legacy package. Use iftex instead.
)
(C:\Users\207364\Documents\LaTeX\MiKTeX\tex/latex/xkeyval\xkeyval.sty
Package: xkeyval 2014/12/03 v2.7a package option processing (HA)

(C:\Users\207364\Documents\LaTeX\MiKTeX\tex/generic/xkeyval\xkeyval.tex
(C:\Users\207364\Documents\LaTeX\MiKTeX\tex/generic/xkeyval\xkvutils.tex
\XKV@toks=\toks37
\XKV@tempa@toks=\toks38
)
\XKV@depth=\count298
File: xkeyval.tex 2014/12/03 v2.7a key=value parser (HA)
))
(C:\Users\207364\Documents\LaTeX\MiKTeX\tex/latex/base\textcomp.sty
Package: textcomp 2020/02/02 v2.0n Standard LaTeX package
)
(C:\Users\207364\Documents\LaTeX\MiKTeX\tex/latex/fontspec\fontspec.sty
(C:\Users\207364\Documents\LaTeX\MiKTeX\tex/latex/l3packages/xparse\xparse.sty
(C:\Users\207364\Documents\LaTeX\MiKTeX\tex/latex/l3kernel\expl3.sty
Package: expl3 2020-04-06 L3 programming layer (loader) 

(C:\Users\207364\Documents\LaTeX\MiKTeX\tex/latex/l3backend\l3backend-xdvipdfmx
.def
File: l3backend-xdvipdfmx.def 2020-03-12 L3 backend support: xdvipdfmx
\g__graphics_track_int=\count299
\l__pdf_internal_box=\box122
\g__pdf_backend_object_int=\count300
\g__pdf_backend_annotation_int=\count301
))
Package: xparse 2020-03-06 L3 Experimental document command parser
\l__xparse_current_arg_int=\count302
\g__xparse_grabber_int=\count303
\l__xparse_m_args_int=\count304
\l__xparse_v_nesting_int=\count305
)
Package: fontspec 2020/02/21 v2.7i Font selection for XeLaTeX and LuaLaTeX

(C:\Users\207364\Documents\LaTeX\MiKTeX\tex/latex/fontspec\fontspec-xetex.sty
Package: fontspec-xetex 2020/02/21 v2.7i Font selection for XeLaTeX and LuaLaTe
X
\l__fontspec_script_int=\count306
\l__fontspec_language_int=\count307
\l__fontspec_strnum_int=\count308
\l__fontspec_tmp_int=\count309
\l__fontspec_tmpa_int=\count310
\l__fontspec_tmpb_int=\count311
\l__fontspec_tmpc_int=\count312
\l__fontspec_em_int=\count313
\l__fontspec_emdef_int=\count314
\l__fontspec_strong_int=\count315
\l__fontspec_strongdef_int=\count316
\l__fontspec_tmpa_dim=\dimen289
\l__fontspec_tmpb_dim=\dimen290
\l__fontspec_tmpc_dim=\dimen291

(C:\Users\207364\Documents\LaTeX\MiKTeX\tex/latex/base\fontenc.sty
Package: fontenc 2020/02/11 v2.0o Standard LaTeX package
)
(C:\Users\207364\Documents\LaTeX\MiKTeX\tex/latex/fontspec\fontspec.cfg)))
Requested font "[LinLibertine_R.otf]/OT" at 10.94997pt
 -> C:/Users/207364/Documents/LaTeX/MiKTeX/fonts/opentype/public/libertine/LinL
ibertine_R.otf
Requested font "[LinLibertine_R.otf]/OT" at 10.95003pt
 -> C:/Users/207364/Documents/LaTeX/MiKTeX/fonts/opentype/public/libertine/LinL
ibertine_R.otf
Requested font "[LinLibertine_R.otf]/OT:script=latn;language=dflt;" at 10.95003
pt
 -> C:/Users/207364/Documents/LaTeX/MiKTeX/fonts/opentype/public/libertine/LinL
ibertine_R.otf
Requested font "[LinLibertine_RB.otf]/OT:script=latn;language=dflt;" at 10.9500
3pt
 -> C:/Users/207364/Documents/LaTeX/MiKTeX/fonts/opentype/public/libertine/LinL
ibertine_RB.otf
Requested font "[LinLibertine_RI.otf]/OT:script=latn;language=dflt;" at 10.9500
3pt
 -> C:/Users/207364/Documents/LaTeX/MiKTeX/fonts/opentype/public/libertine/LinL
ibertine_RI.otf
Requested font "[LinLibertine_RBI.otf]/OT:script=latn;language=dflt;" at 10.950
03pt
 -> C:/Users/207364/Documents/LaTeX/MiKTeX/fonts/opentype/public/libertine/LinL
ibertine_RBI.otf

Package fontspec Info: Font family 'LinLibertine(0)' created for font
(fontspec)             'LinLibertine' with options [Ligatures = TeX,Extension
(fontspec)             =
(fontspec)             .otf,SmallCapsFeatures={Letters=SmallCaps},Ligatures=TeX
,Numbers
(fontspec)             = {Monospaced,Lining},Scale = 1,UprightFont =
(fontspec)             *_R,ItalicFont = *_RI,BoldFont = *_RB,BoldItalicFont =
(fontspec)             *_RBI].
(fontspec)              
(fontspec)              This font family consists of the following NFSS
(fontspec)             series/shapes:
(fontspec)              
(fontspec)             - 'normal' (m/n) with NFSS spec.:
(fontspec)             <->s*[1]"[LinLibertine_R.otf]/OT:script=latn;language=df
lt;+tnum;+lnum;mapping=tex-text;"
(fontspec)             - 'small caps'  (m/sc) with NFSS spec.:
(fontspec)             <->s*[1]"[LinLibertine_R.otf]/OT:script=latn;language=df
lt;+tnum;+lnum;+smcp;mapping=tex-text;"
(fontspec)             - 'bold' (b/n) with NFSS spec.:
(fontspec)             <->s*[1]"[LinLibertine_RB.otf]/OT:script=latn;language=d
flt;+tnum;+lnum;mapping=tex-text;"
(fontspec)             - 'bold small caps'  (b/sc) with NFSS spec.:
(fontspec)             <->s*[1]"[LinLibertine_RB.otf]/OT:script=latn;language=d
flt;+tnum;+lnum;+smcp;mapping=tex-text;"
(fontspec)             - 'italic' (m/it) with NFSS spec.:
(fontspec)             <->s*[1]"[LinLibertine_RI.otf]/OT:script=latn;language=d
flt;+tnum;+lnum;mapping=tex-text;"
(fontspec)             - 'italic small caps'  (m/scit) with NFSS spec.:
(fontspec)             <->s*[1]"[LinLibertine_RI.otf]/OT:script=latn;language=d
flt;+tnum;+lnum;+smcp;mapping=tex-text;"
(fontspec)             - 'bold italic' (b/it) with NFSS spec.:
(fontspec)             <->s*[1]"[LinLibertine_RBI.otf]/OT:script=latn;language=
dflt;+tnum;+lnum;mapping=tex-text;"
(fontspec)             - 'bold italic small caps'  (b/scit) with NFSS spec.:
(fontspec)             <->s*[1]"[LinLibertine_RBI.otf]/OT:script=latn;language=
dflt;+tnum;+lnum;+smcp;mapping=tex-text;"

LaTeX Font Info:    Font shape `TU/LinLibertine(0)/m/n' will be
(Font)              scaled to size 10.95pt on input line 308.
Requested font "[LinLibertine_R.otf]/OT:script=latn;language=dflt;+tnum;+lnum;m
apping=tex-text;" at 10.95pt
 -> C:/Users/207364/Documents/LaTeX/MiKTeX/fonts/opentype/public/libertine/LinL
ibertine_R.otf
Requested font "[LinBiolinum_R.otf]/OT" at 10.94997pt
 -> C:/Users/207364/Documents/LaTeX/MiKTeX/fonts/opentype/public/libertine/LinB
iolinum_R.otf
Requested font "[LinBiolinum_R.otf]/OT" at 10.95003pt
 -> C:/Users/207364/Documents/LaTeX/MiKTeX/fonts/opentype/public/libertine/LinB
iolinum_R.otf
Requested font "[LinBiolinum_R.otf]/OT:script=latn;language=dflt;" at 10.95003p
t
 -> C:/Users/207364/Documents/LaTeX/MiKTeX/fonts/opentype/public/libertine/LinB
iolinum_R.otf
Requested font "[LinBiolinum_RB.otf]/OT:script=latn;language=dflt;" at 10.95003
pt
 -> C:/Users/207364/Documents/LaTeX/MiKTeX/fonts/opentype/public/libertine/LinB
iolinum_RB.otf
Requested font "[LinBiolinum_RI.otf]/OT:script=latn;language=dflt;" at 10.95003
pt
 -> C:/Users/207364/Documents/LaTeX/MiKTeX/fonts/opentype/public/libertine/LinB
iolinum_RI.otf
Requested font "[LinBiolinum_RBO.otf]/OT:script=latn;language=dflt;" at 10.9500
3pt
 -> C:/Users/207364/Documents/LaTeX/MiKTeX/fonts/opentype/public/libertine/LinB
iolinum_RBO.otf

Package fontspec Info: Font family 'LinBiolinum(0)' created for font
(fontspec)             'LinBiolinum' with options [Ligatures = TeX,Extension =
(fontspec)             .otf,SmallCapsFeatures={Letters=SmallCaps},Ligatures=TeX
,Numbers
(fontspec)             = {Monospaced, Lining},Scale = 1,UprightFont =
(fontspec)             *_R,ItalicFont = *_RI,BoldFont = *_RB,BoldItalicFont =
(fontspec)             *_RBO].
(fontspec)              
(fontspec)              This font family consists of the following NFSS
(fontspec)             series/shapes:
(fontspec)              
(fontspec)             - 'normal' (m/n) with NFSS spec.:
(fontspec)             <->s*[1]"[LinBiolinum_R.otf]/OT:script=latn;language=dfl
t;+tnum;+lnum;mapping=tex-text;"
(fontspec)             - 'small caps'  (m/sc) with NFSS spec.:
(fontspec)             <->s*[1]"[LinBiolinum_R.otf]/OT:script=latn;language=dfl
t;+tnum;+lnum;+smcp;mapping=tex-text;"
(fontspec)             - 'bold' (b/n) with NFSS spec.:
(fontspec)             <->s*[1]"[LinBiolinum_RB.otf]/OT:script=latn;language=df
lt;+tnum;+lnum;mapping=tex-text;"
(fontspec)             - 'bold small caps'  (b/sc) with NFSS spec.:
(fontspec)             <->s*[1]"[LinBiolinum_RB.otf]/OT:script=latn;language=df
lt;+tnum;+lnum;+smcp;mapping=tex-text;"
(fontspec)             - 'italic' (m/it) with NFSS spec.:
(fontspec)             <->s*[1]"[LinBiolinum_RI.otf]/OT:script=latn;language=df
lt;+tnum;+lnum;mapping=tex-text;"
(fontspec)             - 'italic small caps'  (m/scit) with NFSS spec.:
(fontspec)             <->s*[1]"[LinBiolinum_RI.otf]/OT:script=latn;language=df
lt;+tnum;+lnum;+smcp;mapping=tex-text;"
(fontspec)             - 'bold italic' (b/it) with NFSS spec.:
(fontspec)             <->s*[1]"[LinBiolinum_RBO.otf]/OT:script=latn;language=d
flt;+tnum;+lnum;mapping=tex-text;"
(fontspec)             - 'bold italic small caps'  (b/scit) with NFSS spec.:
(fontspec)             <->s*[1]"[LinBiolinum_RBO.otf]/OT:script=latn;language=d
flt;+tnum;+lnum;+smcp;mapping=tex-text;"


Package fontspec Info: Font family 'LinLibertine(1)' created for font
(fontspec)             'LinLibertine' with options [Ligatures = TeX,Extension
(fontspec)             = .otf,SmallCapsFeatures={Letters=SmallCaps},Numbers =
(fontspec)             {Monospaced,Lining},Scale = 1,UprightFont =
(fontspec)             *_R,ItalicFont = *_RI,BoldFont = *_RB,BoldItalicFont =
(fontspec)             *_RBI].
(fontspec)              
(fontspec)              This font family consists of the following NFSS
(fontspec)             series/shapes:
(fontspec)              
(fontspec)             - 'normal' (m/n) with NFSS spec.:
(fontspec)             <->s*[1]"[LinLibertine_R.otf]/OT:script=latn;language=df
lt;+tnum;+lnum;mapping=tex-text;"
(fontspec)             - 'small caps'  (m/sc) with NFSS spec.:
(fontspec)             <->s*[1]"[LinLibertine_R.otf]/OT:script=latn;language=df
lt;+tnum;+lnum;+smcp;mapping=tex-text;"
(fontspec)             - 'bold' (b/n) with NFSS spec.:
(fontspec)             <->s*[1]"[LinLibertine_RB.otf]/OT:script=latn;language=d
flt;+tnum;+lnum;mapping=tex-text;"
(fontspec)             - 'bold small caps'  (b/sc) with NFSS spec.:
(fontspec)             <->s*[1]"[LinLibertine_RB.otf]/OT:script=latn;language=d
flt;+tnum;+lnum;+smcp;mapping=tex-text;"
(fontspec)             - 'italic' (m/it) with NFSS spec.:
(fontspec)             <->s*[1]"[LinLibertine_RI.otf]/OT:script=latn;language=d
flt;+tnum;+lnum;mapping=tex-text;"
(fontspec)             - 'italic small caps'  (m/scit) with NFSS spec.:
(fontspec)             <->s*[1]"[LinLibertine_RI.otf]/OT:script=latn;language=d
flt;+tnum;+lnum;+smcp;mapping=tex-text;"
(fontspec)             - 'bold italic' (b/it) with NFSS spec.:
(fontspec)             <->s*[1]"[LinLibertine_RBI.otf]/OT:script=latn;language=
dflt;+tnum;+lnum;mapping=tex-text;"
(fontspec)             - 'bold italic small caps'  (b/scit) with NFSS spec.:
(fontspec)             <->s*[1]"[LinLibertine_RBI.otf]/OT:script=latn;language=
dflt;+tnum;+lnum;+smcp;mapping=tex-text;"

Requested font "[LinLibertine_RZ.otf]/OT" at 10.94997pt
 -> C:/Users/207364/Documents/LaTeX/MiKTeX/fonts/opentype/public/libertine/LinL
ibertine_RZ.otf
Requested font "[LinLibertine_RZ.otf]/OT" at 10.95003pt
 -> C:/Users/207364/Documents/LaTeX/MiKTeX/fonts/opentype/public/libertine/LinL
ibertine_RZ.otf
Requested font "[LinLibertine_RZ.otf]/OT:script=latn;language=dflt;" at 10.9500
3pt
 -> C:/Users/207364/Documents/LaTeX/MiKTeX/fonts/opentype/public/libertine/LinL
ibertine_RZ.otf
Requested font "[LinLibertine_RZI.otf]/OT:script=latn;language=dflt;" at 10.950
03pt
 -> C:/Users/207364/Documents/LaTeX/MiKTeX/fonts/opentype/public/libertine/LinL
ibertine_RZI.otf

Package fontspec Info: Font family 'LinLibertine(2)' created for font
(fontspec)             'LinLibertine' with options [Ligatures = TeX,Extension
(fontspec)             = .otf,SmallCapsFeatures={Letters=SmallCaps},Numbers =
(fontspec)             { Monospaced, Lining},Scale = 1,UprightFont =
(fontspec)             *_RZ,ItalicFont = *_RZI,BoldFont = *_RB,BoldItalicFont
(fontspec)             = *_RBI].
(fontspec)              
(fontspec)              This font family consists of the following NFSS
(fontspec)             series/shapes:
(fontspec)              
(fontspec)             - 'normal' (m/n) with NFSS spec.:
(fontspec)             <->s*[1]"[LinLibertine_RZ.otf]/OT:script=latn;language=d
flt;+tnum;+lnum;mapping=tex-text;"
(fontspec)             - 'small caps'  (m/sc) with NFSS spec.:
(fontspec)             <->s*[1]"[LinLibertine_RZ.otf]/OT:script=latn;language=d
flt;+tnum;+lnum;+smcp;mapping=tex-text;"
(fontspec)             - 'bold' (b/n) with NFSS spec.:
(fontspec)             <->s*[1]"[LinLibertine_RB.otf]/OT:script=latn;language=d
flt;+tnum;+lnum;mapping=tex-text;"
(fontspec)             - 'bold small caps'  (b/sc) with NFSS spec.:
(fontspec)             <->s*[1]"[LinLibertine_RB.otf]/OT:script=latn;language=d
flt;+tnum;+lnum;+smcp;mapping=tex-text;"
(fontspec)             - 'italic' (m/it) with NFSS spec.:
(fontspec)             <->s*[1]"[LinLibertine_RZI.otf]/OT:script=latn;language=
dflt;+tnum;+lnum;mapping=tex-text;"
(fontspec)             - 'italic small caps'  (m/scit) with NFSS spec.:
(fontspec)             <->s*[1]"[LinLibertine_RZI.otf]/OT:script=latn;language=
dflt;+tnum;+lnum;+smcp;mapping=tex-text;"
(fontspec)             - 'bold italic' (b/it) with NFSS spec.:
(fontspec)             <->s*[1]"[LinLibertine_RBI.otf]/OT:script=latn;language=
dflt;+tnum;+lnum;mapping=tex-text;"
(fontspec)             - 'bold italic small caps'  (b/scit) with NFSS spec.:
(fontspec)             <->s*[1]"[LinLibertine_RBI.otf]/OT:script=latn;language=
dflt;+tnum;+lnum;+smcp;mapping=tex-text;"


Package fontspec Info: Font family 'LinLibertine(3)' created for font
(fontspec)             'LinLibertine' with options [Ligatures = TeX,Extension
(fontspec)             = .otf,SmallCapsFeatures={Letters=SmallCaps},Numbers =
(fontspec)             {Monospaced,OldStyle},Scale = 1,UprightFont =
(fontspec)             *_R,ItalicFont = *_RI,BoldFont = *_RB,BoldItalicFont =
(fontspec)             *_RBI].
(fontspec)              
(fontspec)              This font family consists of the following NFSS
(fontspec)             series/shapes:
(fontspec)              
(fontspec)             - 'normal' (m/n) with NFSS spec.:
(fontspec)             <->s*[1]"[LinLibertine_R.otf]/OT:script=latn;language=df
lt;+tnum;+onum;mapping=tex-text;"
(fontspec)             - 'small caps'  (m/sc) with NFSS spec.:
(fontspec)             <->s*[1]"[LinLibertine_R.otf]/OT:script=latn;language=df
lt;+tnum;+onum;+smcp;mapping=tex-text;"
(fontspec)             - 'bold' (b/n) with NFSS spec.:
(fontspec)             <->s*[1]"[LinLibertine_RB.otf]/OT:script=latn;language=d
flt;+tnum;+onum;mapping=tex-text;"
(fontspec)             - 'bold small caps'  (b/sc) with NFSS spec.:
(fontspec)             <->s*[1]"[LinLibertine_RB.otf]/OT:script=latn;language=d
flt;+tnum;+onum;+smcp;mapping=tex-text;"
(fontspec)             - 'italic' (m/it) with NFSS spec.:
(fontspec)             <->s*[1]"[LinLibertine_RI.otf]/OT:script=latn;language=d
flt;+tnum;+onum;mapping=tex-text;"
(fontspec)             - 'italic small caps'  (m/scit) with NFSS spec.:
(fontspec)             <->s*[1]"[LinLibertine_RI.otf]/OT:script=latn;language=d
flt;+tnum;+onum;+smcp;mapping=tex-text;"
(fontspec)             - 'bold italic' (b/it) with NFSS spec.:
(fontspec)             <->s*[1]"[LinLibertine_RBI.otf]/OT:script=latn;language=
dflt;+tnum;+onum;mapping=tex-text;"
(fontspec)             - 'bold italic small caps'  (b/scit) with NFSS spec.:
(fontspec)             <->s*[1]"[LinLibertine_RBI.otf]/OT:script=latn;language=
dflt;+tnum;+onum;+smcp;mapping=tex-text;"

Requested font "[LinLibertine_DR.otf]/OT" at 10.94997pt
 -> C:/Users/207364/Documents/LaTeX/MiKTeX/fonts/opentype/public/libertine/LinL
ibertine_DR.otf
Requested font "[LinLibertine_DR.otf]/OT" at 10.95003pt
 -> C:/Users/207364/Documents/LaTeX/MiKTeX/fonts/opentype/public/libertine/LinL
ibertine_DR.otf
Requested font "[LinLibertine_DR.otf]/OT:script=latn;language=dflt;" at 10.9500
3pt
 -> C:/Users/207364/Documents/LaTeX/MiKTeX/fonts/opentype/public/libertine/LinL
ibertine_DR.otf

Package fontspec Info: Font family 'LinLibertine(4)' created for font
(fontspec)             'LinLibertine' with options [Ligatures = TeX,Extension
(fontspec)             = .otf,SmallCapsFeatures={Letters=SmallCaps},Numbers =
(fontspec)             {Monospaced,Lining},UprightFont = *_DR,ItalicFont =
(fontspec)             *_RI,BoldFont = *_RB,BoldItalicFont = *_RBI].
(fontspec)              
(fontspec)              This font family consists of the following NFSS
(fontspec)             series/shapes:
(fontspec)              
(fontspec)             - 'normal' (m/n) with NFSS spec.:
(fontspec)             <->"[LinLibertine_DR.otf]/OT:script=latn;language=dflt;+
tnum;+lnum;mapping=tex-text;"
(fontspec)             - 'small caps'  (m/sc) with NFSS spec.: 
(fontspec)             - 'bold' (b/n) with NFSS spec.:
(fontspec)             <->"[LinLibertine_RB.otf]/OT:script=latn;language=dflt;+
tnum;+lnum;mapping=tex-text;"
(fontspec)             - 'bold small caps'  (b/sc) with NFSS spec.:
(fontspec)             <->"[LinLibertine_RB.otf]/OT:script=latn;language=dflt;+
tnum;+lnum;+smcp;mapping=tex-text;"
(fontspec)             - 'italic' (m/it) with NFSS spec.:
(fontspec)             <->"[LinLibertine_RI.otf]/OT:script=latn;language=dflt;+
tnum;+lnum;mapping=tex-text;"
(fontspec)             - 'italic small caps'  (m/scit) with NFSS spec.:
(fontspec)             <->"[LinLibertine_RI.otf]/OT:script=latn;language=dflt;+
tnum;+lnum;+smcp;mapping=tex-text;"
(fontspec)             - 'bold italic' (b/it) with NFSS spec.:
(fontspec)             <->"[LinLibertine_RBI.otf]/OT:script=latn;language=dflt;
+tnum;+lnum;mapping=tex-text;"
(fontspec)             - 'bold italic small caps'  (b/scit) with NFSS spec.:
(fontspec)             <->"[LinLibertine_RBI.otf]/OT:script=latn;language=dflt;
+tnum;+lnum;+smcp;mapping=tex-text;"


Package fontspec Info: Font family 'LinBiolinum(1)' created for font
(fontspec)             'LinBiolinum' with options [Ligatures = TeX,Extension =
(fontspec)             .otf,SmallCapsFeatures={Letters=SmallCaps},Numbers =
(fontspec)             {Monospaced, Lining},Scale = 1,UprightFont =
(fontspec)             *_R,ItalicFont = *_RI,BoldFont = *_RB,BoldItalicFont =
(fontspec)             *_RBO].
(fontspec)              
(fontspec)              This font family consists of the following NFSS
(fontspec)             series/shapes:
(fontspec)              
(fontspec)             - 'normal' (m/n) with NFSS spec.:
(fontspec)             <->s*[1]"[LinBiolinum_R.otf]/OT:script=latn;language=dfl
t;+tnum;+lnum;mapping=tex-text;"
(fontspec)             - 'small caps'  (m/sc) with NFSS spec.:
(fontspec)             <->s*[1]"[LinBiolinum_R.otf]/OT:script=latn;language=dfl
t;+tnum;+lnum;+smcp;mapping=tex-text;"
(fontspec)             - 'bold' (b/n) with NFSS spec.:
(fontspec)             <->s*[1]"[LinBiolinum_RB.otf]/OT:script=latn;language=df
lt;+tnum;+lnum;mapping=tex-text;"
(fontspec)             - 'bold small caps'  (b/sc) with NFSS spec.:
(fontspec)             <->s*[1]"[LinBiolinum_RB.otf]/OT:script=latn;language=df
lt;+tnum;+lnum;+smcp;mapping=tex-text;"
(fontspec)             - 'italic' (m/it) with NFSS spec.:
(fontspec)             <->s*[1]"[LinBiolinum_RI.otf]/OT:script=latn;language=df
lt;+tnum;+lnum;mapping=tex-text;"
(fontspec)             - 'italic small caps'  (m/scit) with NFSS spec.:
(fontspec)             <->s*[1]"[LinBiolinum_RI.otf]/OT:script=latn;language=df
lt;+tnum;+lnum;+smcp;mapping=tex-text;"
(fontspec)             - 'bold italic' (b/it) with NFSS spec.:
(fontspec)             <->s*[1]"[LinBiolinum_RBO.otf]/OT:script=latn;language=d
flt;+tnum;+lnum;mapping=tex-text;"
(fontspec)             - 'bold italic small caps'  (b/scit) with NFSS spec.:
(fontspec)             <->s*[1]"[LinBiolinum_RBO.otf]/OT:script=latn;language=d
flt;+tnum;+lnum;+smcp;mapping=tex-text;"


Package fontspec Info: Font family 'LinBiolinum(2)' created for font
(fontspec)             'LinBiolinum' with options [Ligatures = TeX,Extension =
(fontspec)             .otf,SmallCapsFeatures={Letters=SmallCaps},Numbers =
(fontspec)             {Monospaced, OldStyle},Scale = 1,UprightFont =
(fontspec)             *_R,ItalicFont = *_RI,BoldFont = *_RB,BoldItalicFont =
(fontspec)             *_RBO].
(fontspec)              
(fontspec)              This font family consists of the following NFSS
(fontspec)             series/shapes:
(fontspec)              
(fontspec)             - 'normal' (m/n) with NFSS spec.:
(fontspec)             <->s*[1]"[LinBiolinum_R.otf]/OT:script=latn;language=dfl
t;+tnum;+onum;mapping=tex-text;"
(fontspec)             - 'small caps'  (m/sc) with NFSS spec.:
(fontspec)             <->s*[1]"[LinBiolinum_R.otf]/OT:script=latn;language=dfl
t;+tnum;+onum;+smcp;mapping=tex-text;"
(fontspec)             - 'bold' (b/n) with NFSS spec.:
(fontspec)             <->s*[1]"[LinBiolinum_RB.otf]/OT:script=latn;language=df
lt;+tnum;+onum;mapping=tex-text;"
(fontspec)             - 'bold small caps'  (b/sc) with NFSS spec.:
(fontspec)             <->s*[1]"[LinBiolinum_RB.otf]/OT:script=latn;language=df
lt;+tnum;+onum;+smcp;mapping=tex-text;"
(fontspec)             - 'italic' (m/it) with NFSS spec.:
(fontspec)             <->s*[1]"[LinBiolinum_RI.otf]/OT:script=latn;language=df
lt;+tnum;+onum;mapping=tex-text;"
(fontspec)             - 'italic small caps'  (m/scit) with NFSS spec.:
(fontspec)             <->s*[1]"[LinBiolinum_RI.otf]/OT:script=latn;language=df
lt;+tnum;+onum;+smcp;mapping=tex-text;"
(fontspec)             - 'bold italic' (b/it) with NFSS spec.:
(fontspec)             <->s*[1]"[LinBiolinum_RBO.otf]/OT:script=latn;language=d
flt;+tnum;+onum;mapping=tex-text;"
(fontspec)             - 'bold italic small caps'  (b/scit) with NFSS spec.:
(fontspec)             <->s*[1]"[LinBiolinum_RBO.otf]/OT:script=latn;language=d
flt;+tnum;+onum;+smcp;mapping=tex-text;"

Requested font "[LinLibertine_M.otf]/OT" at 10.94997pt
 -> C:/Users/207364/Documents/LaTeX/MiKTeX/fonts/opentype/public/libertine/LinL
ibertine_M.otf
Requested font "[LinLibertine_M.otf]/OT" at 10.95003pt
 -> C:/Users/207364/Documents/LaTeX/MiKTeX/fonts/opentype/public/libertine/LinL
ibertine_M.otf
Requested font "[LinLibertine_M.otf]/OT:script=latn;language=dflt;" at 10.95003
pt
 -> C:/Users/207364/Documents/LaTeX/MiKTeX/fonts/opentype/public/libertine/LinL
ibertine_M.otf
Requested font "[LinLibertine_MB.otf]/OT:script=latn;language=dflt;" at 10.9500
3pt
 -> C:/Users/207364/Documents/LaTeX/MiKTeX/fonts/opentype/public/libertine/LinL
ibertine_MB.otf
Requested font "[LinLibertine_MO.otf]/OT:script=latn;language=dflt;" at 10.9500
3pt
 -> C:/Users/207364/Documents/LaTeX/MiKTeX/fonts/opentype/public/libertine/LinL
ibertine_MO.otf
Requested font "[LinLibertine_MBO.otf]/OT:script=latn;language=dflt;" at 10.950
03pt
 -> C:/Users/207364/Documents/LaTeX/MiKTeX/fonts/opentype/public/libertine/LinL
ibertine_MBO.otf

Package fontspec Info: Font family 'LinLibertine(5)' created for font
(fontspec)             'LinLibertine' with options [Extension =
(fontspec)             .otf,HyphenChar=None,WordSpace={1,0,0},HyphenChar=None,P
unctuationSpace=WordSpace,Scale
(fontspec)             = 1,UprightFont = *_M,ItalicFont = *_MO,BoldFont =
(fontspec)             *_MB,BoldItalicFont = *_MBO].
(fontspec)              
(fontspec)              This font family consists of the following NFSS
(fontspec)             series/shapes:
(fontspec)              
(fontspec)             - 'normal' (m/n) with NFSS spec.:
(fontspec)             <->s*[1]"[LinLibertine_M.otf]/OT:script=latn;language=df
lt;"
(fontspec)             - 'small caps'  (m/sc) with NFSS spec.: 
(fontspec)             and font adjustment code:
(fontspec)             \fontdimen 2\font =1\fontdimen 2\font \fontdimen 3\font
(fontspec)             =0\fontdimen 3\font \fontdimen 4\font =0\fontdimen
(fontspec)             4\font \fontdimen 7\font =0\fontdimen 2\font
(fontspec)             \tex_hyphenchar:D \font =-1\scan_stop:
(fontspec)             \tex_hyphenchar:D \font =-1\scan_stop: 
(fontspec)             - 'bold' (b/n) with NFSS spec.:
(fontspec)             <->s*[1]"[LinLibertine_MB.otf]/OT:script=latn;language=d
flt;"
(fontspec)             - 'bold small caps'  (b/sc) with NFSS spec.: 
(fontspec)             and font adjustment code:
(fontspec)             \fontdimen 2\font =1\fontdimen 2\font \fontdimen 3\font
(fontspec)             =0\fontdimen 3\font \fontdimen 4\font =0\fontdimen
(fontspec)             4\font \fontdimen 7\font =0\fontdimen 2\font
(fontspec)             \tex_hyphenchar:D \font =-1\scan_stop:
(fontspec)             \tex_hyphenchar:D \font =-1\scan_stop: 
(fontspec)             - 'italic' (m/it) with NFSS spec.:
(fontspec)             <->s*[1]"[LinLibertine_MO.otf]/OT:script=latn;language=d
flt;"
(fontspec)             - 'italic small caps'  (m/scit) with NFSS spec.: 
(fontspec)             and font adjustment code:
(fontspec)             \fontdimen 2\font =1\fontdimen 2\font \fontdimen 3\font
(fontspec)             =0\fontdimen 3\font \fontdimen 4\font =0\fontdimen
(fontspec)             4\font \fontdimen 7\font =0\fontdimen 2\font
(fontspec)             \tex_hyphenchar:D \font =-1\scan_stop:
(fontspec)             \tex_hyphenchar:D \font =-1\scan_stop: 
(fontspec)             - 'bold italic' (b/it) with NFSS spec.:
(fontspec)             <->s*[1]"[LinLibertine_MBO.otf]/OT:script=latn;language=
dflt;"
(fontspec)             - 'bold italic small caps'  (b/scit) with NFSS spec.: 
(fontspec)             and font adjustment code:
(fontspec)             \fontdimen 2\font =1\fontdimen 2\font \fontdimen 3\font
(fontspec)             =0\fontdimen 3\font \fontdimen 4\font =0\fontdimen
(fontspec)             4\font \fontdimen 7\font =0\fontdimen 2\font
(fontspec)             \tex_hyphenchar:D \font =-1\scan_stop:
(fontspec)             \tex_hyphenchar:D \font =-1\scan_stop: 


Package fontspec Info: Font family 'LinLibertine(6)' created for font
(fontspec)             'LinLibertine' with options [Extension =
(fontspec)             .otf,HyphenChar=None,Scale = 1,UprightFont =
(fontspec)             *_M,ItalicFont = *_MO,BoldFont = *_MB,BoldItalicFont =
(fontspec)             *_MBO].
(fontspec)              
(fontspec)              This font family consists of the following NFSS
(fontspec)             series/shapes:
(fontspec)              
(fontspec)             - 'normal' (m/n) with NFSS spec.:
(fontspec)             <->s*[1]"[LinLibertine_M.otf]/OT:script=latn;language=df
lt;"
(fontspec)             - 'small caps'  (m/sc) with NFSS spec.: 
(fontspec)             and font adjustment code:
(fontspec)             \tex_hyphenchar:D \font =-1\scan_stop: 
(fontspec)             - 'bold' (b/n) with NFSS spec.:
(fontspec)             <->s*[1]"[LinLibertine_MB.otf]/OT:script=latn;language=d
flt;"
(fontspec)             - 'bold small caps'  (b/sc) with NFSS spec.: 
(fontspec)             and font adjustment code:
(fontspec)             \tex_hyphenchar:D \font =-1\scan_stop: 
(fontspec)             - 'italic' (m/it) with NFSS spec.:
(fontspec)             <->s*[1]"[LinLibertine_MO.otf]/OT:script=latn;language=d
flt;"
(fontspec)             - 'italic small caps'  (m/scit) with NFSS spec.: 
(fontspec)             and font adjustment code:
(fontspec)             \tex_hyphenchar:D \font =-1\scan_stop: 
(fontspec)             - 'bold italic' (b/it) with NFSS spec.:
(fontspec)             <->s*[1]"[LinLibertine_MBO.otf]/OT:script=latn;language=
dflt;"
(fontspec)             - 'bold italic small caps'  (b/scit) with NFSS spec.: 
(fontspec)             and font adjustment code:
(fontspec)             \tex_hyphenchar:D \font =-1\scan_stop: 

Requested font "[LinBiolinum_K.otf]/OT" at 10.94997pt
 -> C:/Users/207364/Documents/LaTeX/MiKTeX/fonts/opentype/public/libertine/LinB
iolinum_K.otf
Requested font "[LinBiolinum_K.otf]/OT" at 10.95003pt
 -> C:/Users/207364/Documents/LaTeX/MiKTeX/fonts/opentype/public/libertine/LinB
iolinum_K.otf
Requested font "[LinBiolinum_K.otf]/OT:script=latn;language=dflt;" at 10.95003p
t
 -> C:/Users/207364/Documents/LaTeX/MiKTeX/fonts/opentype/public/libertine/LinB
iolinum_K.otf

Package fontspec Info: Font family 'LinBiolinum_K(0)' created for font
(fontspec)             'LinBiolinum_K' with options [Extension =
(fontspec)             .otf,HyphenChar=None,BoldFont={},ItalicFont={},SmallCaps
Font={}].
(fontspec)              
(fontspec)              This font family consists of the following NFSS
(fontspec)             series/shapes:
(fontspec)              
(fontspec)             - 'normal' (m/n) with NFSS spec.:
(fontspec)             <->"[LinBiolinum_K.otf]/OT:script=latn;language=dflt;"
(fontspec)             - 'small caps'  (m/sc) with NFSS spec.: 
(fontspec)             and font adjustment code:
(fontspec)             \tex_hyphenchar:D \font =-1\scan_stop: 

Requested font "[LinLibertine_I.otf]/OT" at 10.94997pt
 -> C:/Users/207364/Documents/LaTeX/MiKTeX/fonts/opentype/public/libertine/LinL
ibertine_I.otf
Requested font "[LinLibertine_I.otf]/OT" at 10.95003pt
 -> C:/Users/207364/Documents/LaTeX/MiKTeX/fonts/opentype/public/libertine/LinL
ibertine_I.otf
Requested font "[LinLibertine_I.otf]/OT:script=latn;language=dflt;" at 10.95003
pt
 -> C:/Users/207364/Documents/LaTeX/MiKTeX/fonts/opentype/public/libertine/LinL
ibertine_I.otf

Package fontspec Info: Font family 'LinLibertine_I(0)' created for font
(fontspec)             'LinLibertine_I' with options [Extension =
(fontspec)             .otf,HyphenChar=None,BoldFont={},ItalicFont={},SmallCaps
Font={}].
(fontspec)              
(fontspec)              This font family consists of the following NFSS
(fontspec)             series/shapes:
(fontspec)              
(fontspec)             - 'normal' (m/n) with NFSS spec.:
(fontspec)             <->"[LinLibertine_I.otf]/OT:script=latn;language=dflt;"
(fontspec)             - 'small caps'  (m/sc) with NFSS spec.: 
(fontspec)             and font adjustment code:
(fontspec)             \tex_hyphenchar:D \font =-1\scan_stop: 

LaTeX Info: Redefining \oldstylenums on input line 474.
LaTeX Info: Redefining \liningnums on input line 475.

(C:\Users\207364\Documents\LaTeX\MiKTeX\tex/latex/libertine\LinLibertine_R.tex)
(C:\Users\207364\Documents\LaTeX\MiKTeX\tex/latex/libertine\LinBiolinum_R.tex)
(C:\Users\207364\Documents\LaTeX\MiKTeX\tex/latex/libertine\LinBiolinum_K.tex)
(C:\Users\207364\Documents\LaTeX\MiKTeX\tex/latex/libertine\LinLibertine_I.tex)
(C:\Users\207364\Documents\LaTeX\MiKTeX\tex/latex/libertine\LKey.tex))
(C:\Users\207364\Documents\LaTeX\MiKTeX\tex/latex/setspace\setspace.sty
Package: setspace 2011/12/19 v6.7a set line spacing
)
(C:\Users\207364\Documents\LaTeX\MiKTeX\tex/latex/sectsty\sectsty.sty
Package: sectsty 2002/02/25 v2.0.2 Commands to change all sectional heading sty
les


LaTeX Warning: Command \underbar  has changed.
               Check if current package is valid.


LaTeX Warning: Command \underline  has changed.
               Check if current package is valid.

) (C:\Users\207364\Documents\LaTeX\MiKTeX\tex/latex/footmisc\footmisc.sty
Package: footmisc 2011/06/06 v5.5b a miscellany of footnote facilities
\FN@temptoken=\toks39
\footnotemargin=\dimen292
\c@pp@next@reset=\count317
Package footmisc Info: Declaring symbol style bringhurst on input line 855.
Package footmisc Info: Declaring symbol style chicago on input line 863.
Package footmisc Info: Declaring symbol style wiley on input line 872.
Package footmisc Info: Declaring symbol style lamport-robust on input line 883.

Package footmisc Info: Declaring symbol style lamport* on input line 903.
Package footmisc Info: Declaring symbol style lamport*-robust on input line 924
.
)
(C:\Users\207364\Documents\LaTeX\MiKTeX\tex/latex/koma-script\scrextend.sty
Package: scrextend 2020/04/19 v3.30 KOMA-Script package (extend other classes w
ith features of KOMA-Script classes)

(C:\Users\207364\Documents\LaTeX\MiKTeX\tex/latex/koma-script\scrkbase.sty
Package: scrkbase 2020/04/19 v3.30 KOMA-Script package (KOMA-Script-dependent b
asics and keyval usage)

(C:\Users\207364\Documents\LaTeX\MiKTeX\tex/latex/koma-script\scrbase.sty
Package: scrbase 2020/04/19 v3.30 KOMA-Script package (KOMA-Script-independent 
basics and keyval usage)

(C:\Users\207364\Documents\LaTeX\MiKTeX\tex/latex/koma-script\scrlfile.sty
Package: scrlfile 2020/04/19 v3.30 KOMA-Script package (loading files)
))))
(C:\Users\207364\Documents\LaTeX\MiKTeX\tex/latex/nowidow\nowidow.sty
Package: nowidow 2011/09/20 1.0 Easily prevent widows and orphans
Package: nowidow 
)
(C:\Users\207364\Documents\LaTeX\MiKTeX\tex/latex/titlesec\titlesec.sty
Package: titlesec 2019/10/16 v2.13 Sectioning titles
\ttl@box=\box123
\beforetitleunit=\skip89
\aftertitleunit=\skip90
\ttl@plus=\dimen293
\ttl@minus=\dimen294
\ttl@toksa=\toks40
\titlewidth=\dimen295
\titlewidthlast=\dimen296
\titlewidthfirst=\dimen297
)
(C:\Users\207364\Documents\LaTeX\MiKTeX\tex/latex/polyglossia\polyglossia.sty
Package: polyglossia 2020/04/08 v1.49 Modern multilingual typesetting with XeLa
TeX and LuaLaTeX

(C:\Users\207364\Documents\LaTeX\MiKTeX\tex/latex/etoolbox\etoolbox.sty
Package: etoolbox 2019/09/21 v2.5h e-TeX tools for LaTeX (JAW)
\etb@tempcnta=\count318
)
(C:\Users\207364\Documents\LaTeX\MiKTeX\tex/latex/makecmds\makecmds.sty
Package: makecmds 2009/09/03 v1.0a extra command making commands
)
(C:\Users\207364\Documents\LaTeX\MiKTeX\tex/latex/l3packages/l3keys2e\l3keys2e.
sty
Package: l3keys2e 2020-03-06 LaTeX2e option processing using LaTeX3 keys
) (C:\Users\207364\Documents\LaTeX\MiKTeX\tex/latex/filehook\filehook.sty
Package: filehook 2020/02/03 v0.7 Hooks for input files

(C:\Users\207364\Documents\LaTeX\MiKTeX\tex/latex/filehook\filehook-scrlfile.st
y
Package: filehook-scrlfile 2020/02/02 v0.2 filehook patch for scrlfile package
Package filehook Info: Package 'scrlfile' detected and compensated for on input
 line 107.
))
\xpg@normalclass=\XeTeXcharclass1

(C:\Users\207364\Documents\LaTeX\MiKTeX\tex/latex/polyglossia\gloss-latex.ldf
File: gloss-latex.ldf polyglossia: module for default language
The property list \polyglossia@langsetup contains the pairs (without outer
braces):
>  {latex/script}  =>  {latin}
>  {latex/lcscript}  =>  {latin}
>  {latex/scripttag}  =>  {}
>  {latex/language}  =>  {Latex}
>  {latex/langtag}  =>  {ENG}
>  {latex/bcp47}  =>  {}
>  {latex/hyphennames}  =>  {english}
>  {latex/direction}  =>  {LR}
>  {latex/hyphenmins}  =>  {2,3}
>  {latex/frenchspacing}  =>  {false}
>  {latex/indentfirst}  =>  {false}
>  {latex/fontsetup}  =>  {true}
>  {latex/envname}  =>  {latex}
>  {latex/babelname}  =>  {latex}
>  {latex/localnumeral}  =>  {polyglossia@C@localnumeral}
>  {latex/Localnumeral}  =>  {polyglossia@C@localnumeral}.
)
Package polyglossia Info: Default language is latex.
) (C:\Users\207364\Documents\LaTeX\MiKTeX\tex/latex/polyglossia\gloss-hebrew.ld
f
File: gloss-hebrew.ldf polyglossia: module for hebrew
(C:\Users\207364\Documents\LaTeX\MiKTeX\tex/xelatex/bidi\bidi.sty
Package: bidi 2020-01-29 v35.11 Bidirectional typesetting in plain TeX and LaTe
X

****************************************************
* 
* bidi package (Bidirectional typesetting in
* plain TeX and LaTeX, using XeTeX engine)
* 
* Description: A convenient interface for
* typesetting bidirectional texts in plain TeX
* and LaTeX. The package includes adaptations
* for use with many other commonly-used packages.
* 
* Copyright (c) 2009--2019 Vafa Khalighi
* 2018-2020 bidi-tex GitHub Organisation
* 
* v35.11, 2020-01-29
* 
* License: LaTeX Project Public License, version
* 1.3c or higher (your choice)
* 
* Location on CTAN: /macros/xetex/latex/bidi
* 
* Issue tracker: https://github.com/bidi-tex/bidi/issues
* 
****************************************************
(C:\Users\207364\Documents\LaTeX\MiKTeX\tex/xelatex/bidi\biditools.sty
Package: biditools 2020-01-29 v1.10 Programming tools for bidi package
\@bidi@envbody=\toks41
\@bidi@emptytoks=\toks42


Package biditools Warning: Patching `\enddocument' failed on input line 705.

\bidi@tempcountb=\count319
\bidi@temptoksa=\toks43
\bidi@temptoksb=\toks44
\bidi@dummies=\count320
\bidi@are@these@correct=\toks45
\bidi@toks@lista=\toks46
\bidi@toks@listb=\toks47
\bidi@stack@length=\count321
\bidi@empty@stack=\toks48
\bidi@looprepeat@depth=\count322
) (C:\Users\207364\Documents\LaTeX\MiKTeX\tex/latex/zref\zref-abspage.sty
Package: zref-abspage 2020-03-03 v2.29 Module abspage for zref (HO)

(C:\Users\207364\Documents\LaTeX\MiKTeX\tex/latex/zref\zref-base.sty
Package: zref-base 2020-03-03 v2.29 Module base for zref (HO)

(C:\Users\207364\Documents\LaTeX\MiKTeX\tex/generic/infwarerr\infwarerr.sty
Package: infwarerr 2019/12/03 v1.5 Providing info/warning/error messages (HO)
)
(C:\Users\207364\Documents\LaTeX\MiKTeX\tex/generic/kvdefinekeys\kvdefinekeys.s
ty
Package: kvdefinekeys 2019-12-19 v1.6 Define keys (HO)
) (C:\Users\207364\Documents\LaTeX\MiKTeX\tex/latex/pdftexcmds\pdftexcmds.sty
Package: pdftexcmds 2019/11/24 v0.31 Utility functions of pdfTeX for LuaTeX (HO
)
Package pdftexcmds Info: \pdf@primitive is available.
Package pdftexcmds Info: \pdf@ifprimitive is available.
Package pdftexcmds Info: \pdfdraftmode not found.
) (C:\Users\207364\Documents\LaTeX\MiKTeX\tex/generic/etexcmds\etexcmds.sty
Package: etexcmds 2019/12/15 v1.7 Avoid name clashes with e-TeX commands (HO)
)
(C:\Users\207364\Documents\LaTeX\MiKTeX\tex/latex/auxhook\auxhook.sty
Package: auxhook 2019-12-17 v1.6 Hooks for auxiliary files (HO)
)
Package zref Info: New property list: main on input line 763.
Package zref Info: New property: default on input line 764.
Package zref Info: New property: page on input line 765.
)
(C:\Users\207364\Documents\LaTeX\MiKTeX\tex/generic/atbegshi\atbegshi.sty
Package: atbegshi 2019/12/05 v1.19 At begin shipout hook (HO)
)
\c@abspage=\count323
Package zref Info: New property: abspage on input line 66.
)
\@bidi@copyins@=\insert251

(C:\Users\207364\Documents\LaTeX\MiKTeX\tex/xelatex/bidi\latex-xetex-bidi.def
File: latex-xetex-bidi.def 2019/03/03 v1.3.7 bidi adaptations for `latex.ltx' f
or XeTeX engine
\bidi@n@everypar=\toks49
\bidi@column@check@number=\count324

(C:\Users\207364\Documents\LaTeX\MiKTeX\tex/xelatex/bidi\footnote-xetex-bidi.de
f
File: footnote-xetex-bidi.def 2017/08/09 v1.1 bidi footnote macros for XeTeX en
gine
\c@footdir@label=\count325
\footdir@toks=\toks50
) (C:\Users\207364\Documents\LaTeX\MiKTeX\tex/xelatex/bidi\book-xetex-bidi.def
File: book-xetex-bidi.def 2017/06/09 v1.0 bidi adaptations for standard book cl
ass for XeTeX engine
) (C:\Users\207364\Documents\LaTeX\MiKTeX\tex/xelatex/bidi\color-xetex-bidi.def
File: color-xetex-bidi.def 2013/04/08 v0.2 bidi adaptations for color package f
or XeTeX engine
LaTeX Info: Redefining \color on input line 46.
)
(C:\Users\207364\Documents\LaTeX\MiKTeX\tex/xelatex/bidi\xcolor-xetex-bidi.def
File: xcolor-xetex-bidi.def 2013/04/08 v0.2 bidi adaptations for xcolor package
 for XeTeX engine
LaTeX Info: Redefining \color on input line 45.
LaTeX Info: Redefining \bidicolor on input line 88.
)
(C:\Users\207364\Documents\LaTeX\MiKTeX\tex/xelatex/bidi\colortbl-xetex-bidi.de
f
File: colortbl-xetex-bidi.def 2012/06/10 v0.2 bidi adaptations for colortbl pac
kage for XeTeX engine
)
(C:\Users\207364\Documents\LaTeX\MiKTeX\tex/xelatex/bidi\wrapfig-xetex-bidi.def
File: wrapfig-xetex-bidi.def 2014/04/23 v0.3 bidi adaptations for wrapfig packa
ge for XeTeX engine
)
(C:\Users\207364\Documents\LaTeX\MiKTeX\tex/xelatex/bidi\graphicx-xetex-bidi.de
f
File: graphicx-xetex-bidi.def 2017/06/17 v0.5 bidi adaptations for graphicx pac
kage for XeTeX engine
)
(C:\Users\207364\Documents\LaTeX\MiKTeX\tex/xelatex/bidi\geometry-xetex-bidi.de
f
File: geometry-xetex-bidi.def 2017/01/14 v0.2 bidi adaptations for geometry pac
kage for XeTeX engine
)
(C:\Users\207364\Documents\LaTeX\MiKTeX\tex/xelatex/bidi\longtable-xetex-bidi.d
ef
File: longtable-xetex-bidi.def 2019/01/19 v0.5 bidi adaptations for longtable p
ackage for XeTeX engine
)
(C:\Users\207364\Documents\LaTeX\MiKTeX\tex/xelatex/bidi\fancyhdr-xetex-bidi.de
f
File: fancyhdr-xetex-bidi.def 2018/02/15 v0.7 bidi adaptations for fancyhdr pac
kage for XeTeX engine
)
(C:\Users\207364\Documents\LaTeX\MiKTeX\tex/xelatex/bidi\pgfcorescopes.code-xet
ex-bidi.def
File: pgfcorescopes.code-xetex-bidi.def 2015/11/14 v0.1 bidi adaptations for pg
f package for XeTeX engine
)
(C:\Users\207364\Documents\LaTeX\MiKTeX\tex/xelatex/bidi\titlesec-xetex-bidi.de
f
File: titlesec-xetex-bidi.def 2010/07/25 v0.1 bidi adaptations for titlesec pac
kage for XeTeX engine
)
(C:\Users\207364\Documents\LaTeX\MiKTeX\tex/xelatex/bidi\array-xetex-bidi.def
File: array-xetex-bidi.def 2015/11/07 v0.3 bidi adaptations for array package f
or XeTeX engine
)
(C:\Users\207364\Documents\LaTeX\MiKTeX\tex/xelatex/bidi\multicol-xetex-bidi.de
f
File: multicol-xetex-bidi.def 2020-01-29 v1.2 bidi adaptations for multicol pac
kage for XeTeX engine
)
(C:\Users\207364\Documents\LaTeX\MiKTeX\tex/xelatex/bidi\ragged2e-xetex-bidi.de
f
File: ragged2e-xetex-bidi.def 2018/10/17 v0.3 bidi adaptations for ragged2e pac
kage for XeTeX engine
))
(C:\Users\207364\Documents\LaTeX\MiKTeX\tex/xelatex/bidi\loadingorder-xetex-bid
i.def
File: loadingorder-xetex-bidi.def 2017/12/29 v0.97 making sure that bidi is the
 last package loaded
)
\bidi@digits=\count326
\bidi@digits@charclass=\XeTeXcharclass2
\bidi@sepmark@charclass=\XeTeXcharclass3
)
(C:\Users\207364\Documents\LaTeX\MiKTeX\tex/latex/polyglossia\hebrewcal.sty
Package: hebrewcal 2019/12/03 v2.7 Hebrew calendar for polyglossia (adapted fro
m hebcal.sty in Babel)

(C:\Users\207364\Documents\LaTeX\MiKTeX\tex/latex/polyglossia\cal-util.def
\c@tmpA=\count327
\c@tmpB=\count328
\c@tmpC=\count329
\c@tmpD=\count330
\c@tmpE=\count331
\c@tmpF=\count332
)
\hebrewday=\count333
\hebrewmonth=\count334
\hebrewyear=\count335
\@common=\count336
)
The property list \polyglossia@langsetup contains the pairs (without outer
braces):
>  {latex/script}  =>  {latin}
>  {latex/lcscript}  =>  {latin}
>  {latex/scripttag}  =>  {}
>  {latex/language}  =>  {Latex}
>  {latex/langtag}  =>  {ENG}
>  {latex/bcp47}  =>  {}
>  {latex/hyphennames}  =>  {english}
>  {latex/direction}  =>  {LR}
>  {latex/hyphenmins}  =>  {2,3}
>  {latex/frenchspacing}  =>  {false}
>  {latex/indentfirst}  =>  {false}
>  {latex/fontsetup}  =>  {true}
>  {latex/envname}  =>  {latex}
>  {latex/babelname}  =>  {latex}
>  {latex/localnumeral}  =>  {polyglossia@C@localnumeral}
>  {latex/Localnumeral}  =>  {polyglossia@C@localnumeral}
>  {hebrew/script}  =>  {Hebrew}
>  {hebrew/lcscript}  =>  {hebrew}
>  {hebrew/scripttag}  =>  {hebr}
>  {hebrew/language}  =>  {Hebrew}
>  {hebrew/langtag}  =>  {IWR}
>  {hebrew/bcp47}  =>  {he}
>  {hebrew/hyphennames}  =>  {nohyphenation}
>  {hebrew/direction}  =>  {RL}
>  {hebrew/hyphenmins}  =>  {2,3}
>  {hebrew/frenchspacing}  =>  {false}
>  {hebrew/indentfirst}  =>  {false}
>  {hebrew/fontsetup}  =>  {true}
>  {hebrew/envname}  =>  {hebrew}
>  {hebrew/babelname}  =>  {hebrew}
>  {hebrew/localnumeral}  =>  {hebrewnumerals}
>  {hebrew/Localnumeral}  =>  {hebrewnumerals}.

Setting \if@calendar@hebrew
(C:\Users\207364\Documents\LaTeX\MiKTeX\tex/latex/polyglossia\babel-hebrewalph.
def
File: babel-hebrewalph.def 2010/03/02 Babel definitions for Hebrew numerals
 Adapted from hebrew.ldf (2005/03/30 v2.3h)
))
Package polyglossia Info: Default language is hebrew.

(C:\Users\207364\Documents\LaTeX\MiKTeX\tex/latex/polyglossia\gloss-english.ldf
File: gloss-english.ldf polyglossia: module for english
The property list \polyglossia@langsetup contains the pairs (without outer
braces):
>  {latex/script}  =>  {latin}
>  {latex/lcscript}  =>  {latin}
>  {latex/scripttag}  =>  {}
>  {latex/language}  =>  {Latex}
>  {latex/langtag}  =>  {ENG}
>  {latex/bcp47}  =>  {}
>  {latex/hyphennames}  =>  {english}
>  {latex/direction}  =>  {LR}
>  {latex/hyphenmins}  =>  {2,3}
>  {latex/frenchspacing}  =>  {false}
>  {latex/indentfirst}  =>  {false}
>  {latex/fontsetup}  =>  {true}
>  {latex/envname}  =>  {latex}
>  {latex/babelname}  =>  {latex}
>  {latex/localnumeral}  =>  {polyglossia@C@localnumeral}
>  {latex/Localnumeral}  =>  {polyglossia@C@localnumeral}
>  {hebrew/script}  =>  {Hebrew}
>  {hebrew/lcscript}  =>  {hebrew}
>  {hebrew/scripttag}  =>  {hebr}
>  {hebrew/language}  =>  {Hebrew}
>  {hebrew/langtag}  =>  {IWR}
>  {hebrew/bcp47}  =>  {he}
>  {hebrew/hyphennames}  =>  {nohyphenation}
>  {hebrew/direction}  =>  {RL}
>  {hebrew/hyphenmins}  =>  {2,3}
>  {hebrew/frenchspacing}  =>  {false}
>  {hebrew/indentfirst}  =>  {false}
>  {hebrew/fontsetup}  =>  {true}
>  {hebrew/envname}  =>  {hebrew}
>  {hebrew/babelname}  =>  {hebrew}
>  {hebrew/localnumeral}  =>  {hebrewnumerals}
>  {hebrew/Localnumeral}  =>  {hebrewnumerals}
>  {english/script}  =>  {latin}
>  {english/lcscript}  =>  {latin}
>  {english/scripttag}  =>  {}
>  {english/language}  =>  {English}
>  {english/langtag}  =>  {ENG}
>  {english/bcp47}  =>  {en-US}
>  {english/hyphennames}  =>  {english,american,usenglish,USenglish}
>  {english/direction}  =>  {LR}
>  {english/hyphenmins}  =>  {2,3}
>  {english/frenchspacing}  =>  {false}
>  {english/indentfirst}  =>  {false}
>  {english/fontsetup}  =>  {true}
>  {english/envname}  =>  {english}
>  {english/babelname}  =>  {english}
>  {english/localnumeral}  =>  {polyglossia@C@localnumeral}
>  {english/Localnumeral}  =>  {polyglossia@C@localnumeral}.
Package polyglossia Info: Option: English, variant=american.
)
Requested font "Shlomo" at 10.94997pt
 -> C:/Windows/Fonts/Shlomo.ttf
Requested font "Shlomo/OT" at 10.95003pt
 -> C:/Windows/Fonts/Shlomo.ttf
Requested font "Shlomo semiStam/OT:language=dflt;" at 10.95001pt
 -> C:/Windows/Fonts/ShlomoSemiStam.ttf
Requested font "Shlomo semiStam/B/OT:language=dflt;" at 10.95001pt
 -> C:/Windows/Fonts/ShlomoSemiStam.ttf

Package fontspec Info: Could not resolve font "Shlomo semiStam/B" (it probably
(fontspec)             doesn't exist).

Requested font "Shlomo Bold/OT:language=dflt;" at 10.95001pt
 -> C:/Windows/Fonts/ShlomoBold.ttf
Requested font "Shlomo Bold/I/OT:language=dflt;" at 10.95001pt
 -> C:/Windows/Fonts/ShlomoBold.ttf

Package fontspec Info: Could not resolve font "Shlomo Bold/I" (it probably
(fontspec)             doesn't exist).

Requested font "Shlomo/OT:language=dflt;" at 10.95001pt
 -> C:/Windows/Fonts/Shlomo.ttf
Requested font "Shlomo/BI/OT:language=dflt;" at 10.95001pt
 -> C:/Windows/Fonts/Shlomo.ttf

Package fontspec Info: Could not resolve font "Shlomo/BI" (it probably doesn't
(fontspec)             exist).

Requested font "Shlomo/OT:language=dflt;" at 10.95003pt
 -> C:/Windows/Fonts/Shlomo.ttf
Requested font "Shlomo/OT:language=dflt;" at 10.95003pt
 -> C:/Windows/Fonts/Shlomo.ttf
Requested font "Shlomo Bold/OT:language=dflt;" at 10.95003pt
 -> C:/Windows/Fonts/ShlomoBold.ttf
Requested font "Shlomo Bold/OT:language=dflt;" at 10.95003pt
 -> C:/Windows/Fonts/ShlomoBold.ttf
Requested font "Shlomo semiStam/OT:language=dflt;" at 10.95003pt
 -> C:/Windows/Fonts/ShlomoSemiStam.ttf
Requested font "Shlomo semiStam/OT:language=dflt;" at 10.95003pt
 -> C:/Windows/Fonts/ShlomoSemiStam.ttf

Package fontspec Info: Font family 'Shlomo(0)' created for font 'Shlomo' with
(fontspec)             options [Ligatures=TeX,BoldFont={Shlomo
(fontspec)             Bold},ItalicFont={Shlomo semiStam}].
(fontspec)              
(fontspec)              This font family consists of the following NFSS
(fontspec)             series/shapes:
(fontspec)              
(fontspec)             - 'normal' (m/n) with NFSS spec.:
(fontspec)             <->"Shlomo/OT:language=dflt;mapping=tex-text;"
(fontspec)             - 'small caps'  (m/sc) with NFSS spec.: 
(fontspec)             - 'bold' (b/n) with NFSS spec.: <->"Shlomo
(fontspec)             Bold/OT:language=dflt;mapping=tex-text;"
(fontspec)             - 'bold small caps'  (b/sc) with NFSS spec.: 
(fontspec)             - 'italic' (m/it) with NFSS spec.: <->"Shlomo
(fontspec)             semiStam/OT:language=dflt;mapping=tex-text;"
(fontspec)             - 'italic small caps'  (m/scit) with NFSS spec.: 

Requested font "Shlomo/OT:language=dflt;mapping=tex-text;" at 10.95pt
 -> C:/Windows/Fonts/Shlomo.ttf
Requested font "Mekorot-Rashi" at 10.94997pt
 -> C:/Windows/Fonts/Mekorot-Rashi.ttf
Requested font "Mekorot-Rashi/OT" at 10.95003pt
 -> C:/Windows/Fonts/Mekorot-Rashi.ttf
Requested font "Mekorot-Rashi/OT:language=dflt;" at 10.95001pt
 -> C:/Windows/Fonts/Mekorot-Rashi.ttf
Requested font "Mekorot-Rashi/BI/OT:language=dflt;" at 10.95001pt
 -> C:/Windows/Fonts/Mekorot-Rashi.ttf

Package fontspec Info: Could not resolve font "Mekorot-Rashi/BI" (it probably
(fontspec)             doesn't exist).

Requested font "Mekorot-Rashi/OT:language=dflt;" at 10.95001pt
 -> C:/Windows/Fonts/Mekorot-Rashi.ttf
Requested font "Mekorot-Rashi/B/OT:language=dflt;" at 10.95001pt
 -> C:/Windows/Fonts/Mekorot-Rashi.ttf

Package fontspec Info: Could not resolve font "Mekorot-Rashi/B" (it probably
(fontspec)             doesn't exist).

Requested font "Mekorot-Rashi/OT:language=dflt;" at 10.95001pt
 -> C:/Windows/Fonts/Mekorot-Rashi.ttf
Requested font "Mekorot-Rashi/I/OT:language=dflt;" at 10.95001pt
 -> C:/Windows/Fonts/Mekorot-Rashi.ttf

Package fontspec Info: Could not resolve font "Mekorot-Rashi/I" (it probably
(fontspec)             doesn't exist).

Requested font "Mekorot-Rashi/OT:language=dflt;" at 10.95003pt
 -> C:/Windows/Fonts/Mekorot-Rashi.ttf
Requested font "Mekorot-Rashi/OT:language=dflt;" at 10.95003pt
 -> C:/Windows/Fonts/Mekorot-Rashi.ttf

Package fontspec Info: Font family 'Mekorot-Rashi(0)' created for font
(fontspec)             'Mekorot-Rashi' with options [Ligatures=TeX].
(fontspec)              
(fontspec)              This font family consists of the following NFSS
(fontspec)             series/shapes:
(fontspec)              
(fontspec)             - 'normal' (m/n) with NFSS spec.:
(fontspec)             <->"Mekorot-Rashi/OT:language=dflt;mapping=tex-text;"
(fontspec)             - 'small caps'  (m/sc) with NFSS spec.: 

\iiindent=\skip91
) (C:\Users\207364\Documents\LaTeX\MiKTeX\tex/latex/biblatex\biblatex.sty
Package: biblatex 2019/12/01 v3.14 programmable bibliographies (PK/MW)


! LaTeX Error: File `logreq.sty' not found.

Type X to quit or <RETURN> to proceed,
or enter new name. (Default extension: sty)

Enter file name: 
! Emergency stop.
<read *> 
         
l.42 \RequirePackage
                    {ifthen}^^M
*** (cannot \read from terminal in nonstop modes)

 
Here is how much of TeX's memory you used:
 34207 strings out of 414218
 713830 string characters out of 2900311
 951513 words of memory out of 3000000
 51191 multiletter control sequences out of 15000+200000
 533808 words of font info for 73 fonts, out of 3000000 for 9000
 1348 hyphenation exceptions out of 8191
 70i,0n,111p,1273b,261s stack positions out of 5000i,500n,10000p,200000b,50000s
No pages of output.
